+ source /scratch/mu61/yl8164/qcrl_envs/venv_tf/bin/activate
++ deactivate nondestructive
++ '[' -n '' ']'
++ '[' -n '' ']'
++ hash -r
++ '[' -n '' ']'
++ unset VIRTUAL_ENV
++ unset VIRTUAL_ENV_PROMPT
++ '[' '!' nondestructive = nondestructive ']'
++ VIRTUAL_ENV=/scratch/mu61/yl8164/qcrl_envs/venv_tf
++ export VIRTUAL_ENV
++ _OLD_VIRTUAL_PATH=/apps/cuda/12.2.2/bin:/apps/python3/3.11.7/bin:/opt/pbs/default/bin:/opt/nci/bin:/opt/bin:/opt/Modules/v4.3.0/bin:/bin:/usr/bin:/usr/local/sbin:/usr/sbin:/local/pbs/bin
++ PATH=/scratch/mu61/yl8164/qcrl_envs/venv_tf/bin:/apps/cuda/12.2.2/bin:/apps/python3/3.11.7/bin:/opt/pbs/default/bin:/opt/nci/bin:/opt/bin:/opt/Modules/v4.3.0/bin:/bin:/usr/bin:/usr/local/sbin:/usr/sbin:/local/pbs/bin
++ export PATH
++ '[' -n '' ']'
++ '[' -z '' ']'
++ _OLD_VIRTUAL_PS1=
++ PS1='(venv_tf) '
++ export PS1
++ VIRTUAL_ENV_PROMPT='(venv_tf) '
++ export VIRTUAL_ENV_PROMPT
++ hash -r
+ python trapped_ion_binomial_training_server.py
2026-02-21 16:20:34.371706: I tensorflow/core/util/port.cc:113] oneDNN custom operations are on. You may see slightly different numerical results due to floating-point round-off errors from different computation orders. To turn them off, set the environment variable `TF_ENABLE_ONEDNN_OPTS=0`.
2026-02-21 16:20:35.656653: E external/local_xla/xla/stream_executor/cuda/cuda_dnn.cc:9261] Unable to register cuDNN factory: Attempting to register factory for plugin cuDNN when one has already been registered
2026-02-21 16:20:35.656701: E external/local_xla/xla/stream_executor/cuda/cuda_fft.cc:607] Unable to register cuFFT factory: Attempting to register factory for plugin cuFFT when one has already been registered
2026-02-21 16:20:35.789807: E external/local_xla/xla/stream_executor/cuda/cuda_blas.cc:1515] Unable to register cuBLAS factory: Attempting to register factory for plugin cuBLAS when one has already been registered
2026-02-21 16:20:36.324350: I tensorflow/core/platform/cpu_feature_guard.cc:182] This TensorFlow binary is optimized to use available CPU instructions in performance-critical operations.
To enable the following instructions: AVX2 AVX512F AVX512_VNNI FMA, in other operations, rebuild TensorFlow with the appropriate compiler flags.
2026-02-21 16:20:58.342741: W tensorflow/compiler/tf2tensorrt/utils/py_utils.cc:38] TF-TRT Warning: Could not find TensorRT
Gym has been unmaintained since 2022 and does not support NumPy 2.0 amongst other critical functionality.
Please upgrade to Gymnasium, the maintained drop-in replacement of Gym, or contact the authors of your software and request that they upgrade.
See the migration guide at https://gymnasium.farama.org/introduction/migration_guide/ for additional information.
02/21/2026 04:22:47 Connection with: ('127.0.0.1', 47130)
2026-02-21 16:22:48.966238: W tensorflow/core/common_runtime/gpu/gpu_bfc_allocator.cc:47] Overriding orig_value setting because the TF_FORCE_GPU_ALLOW_GROWTH environment variable is set. Original config value was 0.
2026-02-21 16:22:48.966446: I tensorflow/core/common_runtime/gpu/gpu_device.cc:1929] Created device /job:localhost/replica:0/task:0/device:GPU:0 with 6444 MB memory:  -> device: 0, name: Tesla V100-SXM2-32GB, pci bus id: 0000:3e:00.0, compute capability: 7.0
02/21/2026 04:22:52 Only tf.keras.optimizers.Optimiers are well supported, got a non-TF2 optimizer: <tensorflow.python.training.adam.AdamOptimizer object at 0x15359ed3e690>
-------------------
Epoch 0
  Policy steps: 0
  Experience time: 0.00 mins
  Policy train time: 0.00 mins
  Average return: 0.03335
WARNING:tensorflow:From /scratch/mu61/yl8164/quantum_control_rl_server/quantum_control_rl_server/PPO.py:231: ReplayBuffer.gather_all (from tf_agents.replay_buffers.replay_buffer) is deprecated and will be removed in a future version.
Instructions for updating:
Use `as_dataset(..., single_deterministic_pass=True)` instead.
02/21/2026 04:23:50 From /scratch/mu61/yl8164/quantum_control_rl_server/quantum_control_rl_server/PPO.py:231: ReplayBuffer.gather_all (from tf_agents.replay_buffers.replay_buffer) is deprecated and will be removed in a future version.
Instructions for updating:
Use `as_dataset(..., single_deterministic_pass=True)` instead.
-------------------
Epoch 10
  Policy steps: 100
  Experience time: 0.39 mins
  Policy train time: 0.46 mins
  Average return: 0.03789
-------------------
Epoch 20
  Policy steps: 200
  Experience time: 0.56 mins
  Policy train time: 0.47 mins
  Average return: 0.03737
-------------------
Epoch 30
  Policy steps: 300
  Experience time: 0.73 mins
  Policy train time: 0.48 mins
  Average return: 0.03487
-------------------
Epoch 40
  Policy steps: 400
  Experience time: 0.89 mins
  Policy train time: 0.48 mins
  Average return: 0.03701
-------------------
Epoch 50
  Policy steps: 500
  Experience time: 1.07 mins
  Policy train time: 0.49 mins
  Average return: 0.03308
-------------------
Epoch 60
  Policy steps: 600
  Experience time: 1.23 mins
  Policy train time: 0.50 mins
  Average return: 0.03494
-------------------
Epoch 70
  Policy steps: 700
  Experience time: 1.40 mins
  Policy train time: 0.50 mins
  Average return: 0.03772
-------------------
Epoch 80
  Policy steps: 800
  Experience time: 1.57 mins
  Policy train time: 0.51 mins
  Average return: 0.03468
-------------------
Epoch 90
  Policy steps: 900
  Experience time: 1.74 mins
  Policy train time: 0.52 mins
  Average return: 0.04518
-------------------
Epoch 100
  Policy steps: 1000
  Experience time: 1.91 mins
  Policy train time: 0.53 mins
  Average return: 0.04066
-------------------
Epoch 110
  Policy steps: 1100
  Experience time: 2.08 mins
  Policy train time: 0.53 mins
  Average return: 0.04776
-------------------
Epoch 120
  Policy steps: 1200
  Experience time: 2.25 mins
  Policy train time: 0.54 mins
  Average return: 0.04906
-------------------
Epoch 130
  Policy steps: 1300
  Experience time: 2.42 mins
  Policy train time: 0.55 mins
  Average return: 0.05117
-------------------
Epoch 140
  Policy steps: 1400
  Experience time: 2.59 mins
  Policy train time: 0.55 mins
  Average return: 0.07135
-------------------
Epoch 150
  Policy steps: 1500
  Experience time: 2.76 mins
  Policy train time: 0.56 mins
  Average return: 0.06788
-------------------
Epoch 160
  Policy steps: 1600
  Experience time: 2.93 mins
  Policy train time: 0.57 mins
  Average return: 0.07528
-------------------
Epoch 170
  Policy steps: 1700
  Experience time: 3.10 mins
  Policy train time: 0.57 mins
  Average return: 0.07557
-------------------
Epoch 180
  Policy steps: 1800
  Experience time: 3.27 mins
  Policy train time: 0.58 mins
  Average return: 0.08575
-------------------
Epoch 190
  Policy steps: 1900
  Experience time: 3.45 mins
  Policy train time: 0.59 mins
  Average return: 0.08887
-------------------
Epoch 200
  Policy steps: 2000
  Experience time: 3.62 mins
  Policy train time: 0.59 mins
  Average return: 0.09975
-------------------
Epoch 210
  Policy steps: 2100
  Experience time: 3.79 mins
  Policy train time: 0.60 mins
  Average return: 0.11313
-------------------
Epoch 220
  Policy steps: 2200
  Experience time: 3.96 mins
  Policy train time: 0.61 mins
  Average return: 0.12655
-------------------
Epoch 230
  Policy steps: 2300
  Experience time: 4.13 mins
  Policy train time: 0.61 mins
  Average return: 0.14390
-------------------
Epoch 240
  Policy steps: 2400
  Experience time: 4.30 mins
  Policy train time: 0.62 mins
  Average return: 0.10440
-------------------
Epoch 250
  Policy steps: 2500
  Experience time: 4.48 mins
  Policy train time: 0.63 mins
  Average return: 0.22029
-------------------
Epoch 260
  Policy steps: 2600
  Experience time: 4.65 mins
  Policy train time: 0.63 mins
  Average return: 0.19061
-------------------
Epoch 270
  Policy steps: 2700
  Experience time: 4.82 mins
  Policy train time: 0.64 mins
  Average return: 0.26512
-------------------
Epoch 280
  Policy steps: 2800
  Experience time: 5.00 mins
  Policy train time: 0.65 mins
  Average return: 0.20357
-------------------
Epoch 290
  Policy steps: 2900
  Experience time: 5.17 mins
  Policy train time: 0.65 mins
  Average return: 0.25321
-------------------
Epoch 300
  Policy steps: 3000
  Experience time: 5.34 mins
  Policy train time: 0.66 mins
  Average return: 0.24708
-------------------
Epoch 310
  Policy steps: 3100
  Experience time: 5.52 mins
  Policy train time: 0.67 mins
  Average return: 0.25203
-------------------
Epoch 320
  Policy steps: 3200
  Experience time: 5.69 mins
  Policy train time: 0.67 mins
  Average return: 0.26009
-------------------
Epoch 330
  Policy steps: 3300
  Experience time: 5.86 mins
  Policy train time: 0.68 mins
  Average return: 0.29320
-------------------
Epoch 340
  Policy steps: 3400
  Experience time: 6.04 mins
  Policy train time: 0.69 mins
  Average return: 0.24511
-------------------
Epoch 350
  Policy steps: 3500
  Experience time: 6.21 mins
  Policy train time: 0.69 mins
  Average return: 0.25423
-------------------
Epoch 360
  Policy steps: 3600
  Experience time: 6.39 mins
  Policy train time: 0.70 mins
  Average return: 0.33732
-------------------
Epoch 370
  Policy steps: 3700
  Experience time: 6.56 mins
  Policy train time: 0.71 mins
  Average return: 0.29015
-------------------
Epoch 380
  Policy steps: 3800
  Experience time: 6.73 mins
  Policy train time: 0.71 mins
  Average return: 0.30343
-------------------
Epoch 390
  Policy steps: 3900
  Experience time: 6.90 mins
  Policy train time: 0.72 mins
  Average return: 0.33222
-------------------
Epoch 400
  Policy steps: 4000
  Experience time: 7.08 mins
  Policy train time: 0.73 mins
  Average return: 0.31699
-------------------
Epoch 410
  Policy steps: 4100
  Experience time: 7.25 mins
  Policy train time: 0.73 mins
  Average return: 0.36476
-------------------
Epoch 420
  Policy steps: 4200
  Experience time: 7.42 mins
  Policy train time: 0.74 mins
  Average return: 0.34574
-------------------
Epoch 430
  Policy steps: 4300
  Experience time: 7.59 mins
  Policy train time: 0.75 mins
  Average return: 0.34289
-------------------
Epoch 440
  Policy steps: 4400
  Experience time: 7.76 mins
  Policy train time: 0.75 mins
  Average return: 0.37392
-------------------
Epoch 450
  Policy steps: 4500
  Experience time: 7.93 mins
  Policy train time: 0.76 mins
  Average return: 0.40379
-------------------
Epoch 460
  Policy steps: 4600
  Experience time: 8.10 mins
  Policy train time: 0.77 mins
  Average return: 0.37553
-------------------
Epoch 470
  Policy steps: 4700
  Experience time: 8.27 mins
  Policy train time: 0.77 mins
  Average return: 0.38879
-------------------
Epoch 480
  Policy steps: 4800
  Experience time: 8.44 mins
  Policy train time: 0.78 mins
  Average return: 0.39881
-------------------
Epoch 490
  Policy steps: 4900
  Experience time: 8.60 mins
  Policy train time: 0.79 mins
  Average return: 0.38663
-------------------
Epoch 500
  Policy steps: 5000
  Experience time: 8.77 mins
  Policy train time: 0.79 mins
  Average return: 0.40460
-------------------
Epoch 510
  Policy steps: 5100
  Experience time: 8.94 mins
  Policy train time: 0.80 mins
  Average return: 0.44782
-------------------
Epoch 520
  Policy steps: 5200
  Experience time: 9.11 mins
  Policy train time: 0.81 mins
  Average return: 0.39527
-------------------
Epoch 530
  Policy steps: 5300
  Experience time: 9.27 mins
  Policy train time: 0.81 mins
  Average return: 0.43846
-------------------
Epoch 540
  Policy steps: 5400
  Experience time: 9.44 mins
  Policy train time: 0.82 mins
  Average return: 0.43248
-------------------
Epoch 550
  Policy steps: 5500
  Experience time: 9.60 mins
  Policy train time: 0.83 mins
  Average return: 0.46270
-------------------
Epoch 560
  Policy steps: 5600
  Experience time: 9.77 mins
  Policy train time: 0.84 mins
  Average return: 0.45316
-------------------
Epoch 570
  Policy steps: 5700
  Experience time: 9.93 mins
  Policy train time: 0.84 mins
  Average return: 0.51758
-------------------
Epoch 580
  Policy steps: 5800
  Experience time: 10.09 mins
  Policy train time: 0.85 mins
  Average return: 0.47941
-------------------
Epoch 590
  Policy steps: 5900
  Experience time: 10.26 mins
  Policy train time: 0.86 mins
  Average return: 0.43723
-------------------
Epoch 600
  Policy steps: 6000
  Experience time: 10.42 mins
  Policy train time: 0.86 mins
  Average return: 0.42137
-------------------
Epoch 610
  Policy steps: 6100
  Experience time: 10.58 mins
  Policy train time: 0.87 mins
  Average return: 0.50711
-------------------
Epoch 620
  Policy steps: 6200
  Experience time: 10.73 mins
  Policy train time: 0.88 mins
  Average return: 0.51551
-------------------
Epoch 630
  Policy steps: 6300
  Experience time: 10.89 mins
  Policy train time: 0.88 mins
  Average return: 0.52901
-------------------
Epoch 640
  Policy steps: 6400
  Experience time: 11.05 mins
  Policy train time: 0.89 mins
  Average return: 0.50392
-------------------
Epoch 650
  Policy steps: 6500
  Experience time: 11.21 mins
  Policy train time: 0.90 mins
  Average return: 0.48653
-------------------
Epoch 660
  Policy steps: 6600
  Experience time: 11.37 mins
  Policy train time: 0.90 mins
  Average return: 0.57602
-------------------
Epoch 670
  Policy steps: 6700
  Experience time: 11.53 mins
  Policy train time: 0.91 mins
  Average return: 0.54612
-------------------
Epoch 680
  Policy steps: 6800
  Experience time: 11.69 mins
  Policy train time: 0.92 mins
  Average return: 0.57726
-------------------
Epoch 690
  Policy steps: 6900
  Experience time: 11.84 mins
  Policy train time: 0.93 mins
  Average return: 0.61359
-------------------
Epoch 700
  Policy steps: 7000
  Experience time: 12.00 mins
  Policy train time: 0.93 mins
  Average return: 0.56189
-------------------
Epoch 710
  Policy steps: 7100
  Experience time: 12.16 mins
  Policy train time: 0.94 mins
  Average return: 0.60940
-------------------
Epoch 720
  Policy steps: 7200
  Experience time: 12.31 mins
  Policy train time: 0.95 mins
  Average return: 0.56988
-------------------
Epoch 730
  Policy steps: 7300
  Experience time: 12.47 mins
  Policy train time: 0.95 mins
  Average return: 0.55466
-------------------
Epoch 740
  Policy steps: 7400
  Experience time: 12.63 mins
  Policy train time: 0.96 mins
  Average return: 0.62188
-------------------
Epoch 750
  Policy steps: 7500
  Experience time: 12.79 mins
  Policy train time: 0.97 mins
  Average return: 0.59115
-------------------
Epoch 760
  Policy steps: 7600
  Experience time: 12.95 mins
  Policy train time: 0.97 mins
  Average return: 0.61171
-------------------
Epoch 770
  Policy steps: 7700
  Experience time: 13.10 mins
  Policy train time: 0.98 mins
  Average return: 0.69296
-------------------
Epoch 780
  Policy steps: 7800
  Experience time: 13.26 mins
  Policy train time: 0.99 mins
  Average return: 0.69564
-------------------
Epoch 790
  Policy steps: 7900
  Experience time: 13.42 mins
  Policy train time: 0.99 mins
  Average return: 0.61855
-------------------
Epoch 800
  Policy steps: 8000
  Experience time: 13.58 mins
  Policy train time: 1.00 mins
  Average return: 0.67410
-------------------
Epoch 810
  Policy steps: 8100
  Experience time: 13.73 mins
  Policy train time: 1.01 mins
  Average return: 0.69123
-------------------
Epoch 820
  Policy steps: 8200
  Experience time: 13.89 mins
  Policy train time: 1.02 mins
  Average return: 0.67548
-------------------
Epoch 830
  Policy steps: 8300
  Experience time: 14.05 mins
  Policy train time: 1.02 mins
  Average return: 0.76187
-------------------
Epoch 840
  Policy steps: 8400
  Experience time: 14.21 mins
  Policy train time: 1.03 mins
  Average return: 0.71613
-------------------
Epoch 850
  Policy steps: 8500
  Experience time: 14.36 mins
  Policy train time: 1.04 mins
  Average return: 0.76317
-------------------
Epoch 860
  Policy steps: 8600
  Experience time: 14.52 mins
  Policy train time: 1.04 mins
  Average return: 0.74357
-------------------
Epoch 870
  Policy steps: 8700
  Experience time: 14.68 mins
  Policy train time: 1.05 mins
  Average return: 0.74031
-------------------
Epoch 880
  Policy steps: 8800
  Experience time: 14.84 mins
  Policy train time: 1.06 mins
  Average return: 0.75364
-------------------
Epoch 890
  Policy steps: 8900
  Experience time: 15.00 mins
  Policy train time: 1.06 mins
  Average return: 0.72055
-------------------
Epoch 900
  Policy steps: 9000
  Experience time: 15.16 mins
  Policy train time: 1.07 mins
  Average return: 0.75087
-------------------
Epoch 910
  Policy steps: 9100
  Experience time: 15.32 mins
  Policy train time: 1.08 mins
  Average return: 0.73501
-------------------
Epoch 920
  Policy steps: 9200
  Experience time: 15.48 mins
  Policy train time: 1.08 mins
  Average return: 0.70149
-------------------
Epoch 930
  Policy steps: 9300
  Experience time: 15.64 mins
  Policy train time: 1.09 mins
  Average return: 0.72500
-------------------
Epoch 940
  Policy steps: 9400
  Experience time: 15.80 mins
  Policy train time: 1.10 mins
  Average return: 0.74477
-------------------
Epoch 950
  Policy steps: 9500
  Experience time: 15.96 mins
  Policy train time: 1.11 mins
  Average return: 0.80570
-------------------
Epoch 960
  Policy steps: 9600
  Experience time: 16.11 mins
  Policy train time: 1.11 mins
  Average return: 0.76187
-------------------
Epoch 970
  Policy steps: 9700
  Experience time: 16.28 mins
  Policy train time: 1.12 mins
  Average return: 0.74435
-------------------
Epoch 980
  Policy steps: 9800
  Experience time: 16.44 mins
  Policy train time: 1.13 mins
  Average return: 0.76124
-------------------
Epoch 990
  Policy steps: 9900
  Experience time: 16.60 mins
  Policy train time: 1.13 mins
  Average return: 0.81732
-------------------
Epoch 1000
  Policy steps: 10000
  Experience time: 16.76 mins
  Policy train time: 1.14 mins
  Average return: 0.73473
-------------------
Epoch 1010
  Policy steps: 10100
  Experience time: 16.92 mins
  Policy train time: 1.15 mins
  Average return: 0.78103
-------------------
Epoch 1020
  Policy steps: 10200
  Experience time: 17.09 mins
  Policy train time: 1.15 mins
  Average return: 0.80074
-------------------
Epoch 1030
  Policy steps: 10300
  Experience time: 17.25 mins
  Policy train time: 1.16 mins
  Average return: 0.80423
-------------------
Epoch 1040
  Policy steps: 10400
  Experience time: 17.41 mins
  Policy train time: 1.17 mins
  Average return: 0.80870
-------------------
Epoch 1050
  Policy steps: 10500
  Experience time: 17.57 mins
  Policy train time: 1.17 mins
  Average return: 0.81465
-------------------
Epoch 1060
  Policy steps: 10600
  Experience time: 17.73 mins
  Policy train time: 1.18 mins
  Average return: 0.78494
-------------------
Epoch 1070
  Policy steps: 10700
  Experience time: 17.89 mins
  Policy train time: 1.19 mins
  Average return: 0.82111
-------------------
Epoch 1080
  Policy steps: 10800
  Experience time: 18.06 mins
  Policy train time: 1.20 mins
  Average return: 0.84030
-------------------
Epoch 1090
  Policy steps: 10900
  Experience time: 18.22 mins
  Policy train time: 1.20 mins
  Average return: 0.79945
-------------------
Epoch 1100
  Policy steps: 11000
  Experience time: 18.38 mins
  Policy train time: 1.21 mins
  Average return: 0.84104
-------------------
Epoch 1110
  Policy steps: 11100
  Experience time: 18.54 mins
  Policy train time: 1.22 mins
  Average return: 0.82002
-------------------
Epoch 1120
  Policy steps: 11200
  Experience time: 18.71 mins
  Policy train time: 1.22 mins
  Average return: 0.78579
-------------------
Epoch 1130
  Policy steps: 11300
  Experience time: 18.87 mins
  Policy train time: 1.23 mins
  Average return: 0.82491
-------------------
Epoch 1140
  Policy steps: 11400
  Experience time: 19.03 mins
  Policy train time: 1.24 mins
  Average return: 0.81746
-------------------
Epoch 1150
  Policy steps: 11500
  Experience time: 19.20 mins
  Policy train time: 1.24 mins
  Average return: 0.83240
-------------------
Epoch 1160
  Policy steps: 11600
  Experience time: 19.36 mins
  Policy train time: 1.25 mins
  Average return: 0.84292
-------------------
Epoch 1170
  Policy steps: 11700
  Experience time: 19.52 mins
  Policy train time: 1.26 mins
  Average return: 0.88901
-------------------
Epoch 1180
  Policy steps: 11800
  Experience time: 19.68 mins
  Policy train time: 1.27 mins
  Average return: 0.80018
-------------------
Epoch 1190
  Policy steps: 11900
  Experience time: 19.84 mins
  Policy train time: 1.27 mins
  Average return: 0.78252
-------------------
Epoch 1200
  Policy steps: 12000
  Experience time: 20.00 mins
  Policy train time: 1.28 mins
  Average return: 0.84636
-------------------
Epoch 1210
  Policy steps: 12100
  Experience time: 20.16 mins
  Policy train time: 1.29 mins
  Average return: 0.85985
-------------------
Epoch 1220
  Policy steps: 12200
  Experience time: 20.32 mins
  Policy train time: 1.29 mins
  Average return: 0.81176
-------------------
Epoch 1230
  Policy steps: 12300
  Experience time: 20.48 mins
  Policy train time: 1.30 mins
  Average return: 0.82729
-------------------
Epoch 1240
  Policy steps: 12400
  Experience time: 20.64 mins
  Policy train time: 1.31 mins
  Average return: 0.85215
-------------------
Epoch 1250
  Policy steps: 12500
  Experience time: 20.80 mins
  Policy train time: 1.31 mins
  Average return: 0.85597
-------------------
Epoch 1260
  Policy steps: 12600
  Experience time: 20.97 mins
  Policy train time: 1.32 mins
  Average return: 0.77733
-------------------
Epoch 1270
  Policy steps: 12700
  Experience time: 21.13 mins
  Policy train time: 1.33 mins
  Average return: 0.82688
-------------------
Epoch 1280
  Policy steps: 12800
  Experience time: 21.29 mins
  Policy train time: 1.33 mins
  Average return: 0.87632
-------------------
Epoch 1290
  Policy steps: 12900
  Experience time: 21.45 mins
  Policy train time: 1.34 mins
  Average return: 0.79772
-------------------
Epoch 1300
  Policy steps: 13000
  Experience time: 21.60 mins
  Policy train time: 1.35 mins
  Average return: 0.84710
-------------------
Epoch 1310
  Policy steps: 13100
  Experience time: 21.77 mins
  Policy train time: 1.36 mins
  Average return: 0.82216
-------------------
Epoch 1320
  Policy steps: 13200
  Experience time: 21.93 mins
  Policy train time: 1.36 mins
  Average return: 0.79257
-------------------
Epoch 1330
  Policy steps: 13300
  Experience time: 22.09 mins
  Policy train time: 1.37 mins
  Average return: 0.88785
-------------------
Epoch 1340
  Policy steps: 13400
  Experience time: 22.25 mins
  Policy train time: 1.38 mins
  Average return: 0.90054
-------------------
Epoch 1350
  Policy steps: 13500
  Experience time: 22.41 mins
  Policy train time: 1.38 mins
  Average return: 0.84924
-------------------
Epoch 1360
  Policy steps: 13600
  Experience time: 22.57 mins
  Policy train time: 1.39 mins
  Average return: 0.84488
-------------------
Epoch 1370
  Policy steps: 13700
  Experience time: 22.73 mins
  Policy train time: 1.40 mins
  Average return: 0.90851
-------------------
Epoch 1380
  Policy steps: 13800
  Experience time: 22.89 mins
  Policy train time: 1.40 mins
  Average return: 0.87542
-------------------
Epoch 1390
  Policy steps: 13900
  Experience time: 23.04 mins
  Policy train time: 1.41 mins
  Average return: 0.82953
-------------------
Epoch 1400
  Policy steps: 14000
  Experience time: 23.20 mins
  Policy train time: 1.42 mins
  Average return: 0.88676
-------------------
Epoch 1410
  Policy steps: 14100
  Experience time: 23.36 mins
  Policy train time: 1.43 mins
  Average return: 0.88732
-------------------
Epoch 1420
  Policy steps: 14200
  Experience time: 23.52 mins
  Policy train time: 1.43 mins
  Average return: 0.88657
-------------------
Epoch 1430
  Policy steps: 14300
  Experience time: 23.68 mins
  Policy train time: 1.44 mins
  Average return: 0.88981
-------------------
Epoch 1440
  Policy steps: 14400
  Experience time: 23.84 mins
  Policy train time: 1.45 mins
  Average return: 0.87221
-------------------
Epoch 1450
  Policy steps: 14500
  Experience time: 24.00 mins
  Policy train time: 1.45 mins
  Average return: 0.89810
-------------------
Epoch 1460
  Policy steps: 14600
  Experience time: 24.16 mins
  Policy train time: 1.46 mins
  Average return: 0.89041
-------------------
Epoch 1470
  Policy steps: 14700
  Experience time: 24.32 mins
  Policy train time: 1.47 mins
  Average return: 0.90608
-------------------
Epoch 1480
  Policy steps: 14800
  Experience time: 24.48 mins
  Policy train time: 1.47 mins
  Average return: 0.91064
-------------------
Epoch 1490
  Policy steps: 14900
  Experience time: 24.64 mins
  Policy train time: 1.48 mins
  Average return: 0.91096
-------------------
Epoch 1500
  Policy steps: 15000
  Experience time: 24.79 mins
  Policy train time: 1.49 mins
  Average return: 0.90734
-------------------
Epoch 1510
  Policy steps: 15100
  Experience time: 24.95 mins
  Policy train time: 1.50 mins
  Average return: 0.90332
-------------------
Epoch 1520
  Policy steps: 15200
  Experience time: 25.11 mins
  Policy train time: 1.50 mins
  Average return: 0.91963
-------------------
Epoch 1530
  Policy steps: 15300
  Experience time: 25.27 mins
  Policy train time: 1.51 mins
  Average return: 0.89562
-------------------
Epoch 1540
  Policy steps: 15400
  Experience time: 25.42 mins
  Policy train time: 1.52 mins
  Average return: 0.90157
-------------------
Epoch 1550
  Policy steps: 15500
  Experience time: 25.58 mins
  Policy train time: 1.52 mins
  Average return: 0.93935
-------------------
Epoch 1560
  Policy steps: 15600
  Experience time: 25.74 mins
  Policy train time: 1.53 mins
  Average return: 0.90452
-------------------
Epoch 1570
  Policy steps: 15700
  Experience time: 25.90 mins
  Policy train time: 1.54 mins
  Average return: 0.91470
-------------------
Epoch 1580
  Policy steps: 15800
  Experience time: 26.05 mins
  Policy train time: 1.54 mins
  Average return: 0.92221
-------------------
Epoch 1590
  Policy steps: 15900
  Experience time: 26.21 mins
  Policy train time: 1.55 mins
  Average return: 0.91533
-------------------
Epoch 1600
  Policy steps: 16000
  Experience time: 26.37 mins
  Policy train time: 1.56 mins
  Average return: 0.95823
-------------------
Epoch 1610
  Policy steps: 16100
  Experience time: 26.52 mins
  Policy train time: 1.56 mins
  Average return: 0.94650
-------------------
Epoch 1620
  Policy steps: 16200
  Experience time: 26.68 mins
  Policy train time: 1.57 mins
  Average return: 0.94304
-------------------
Epoch 1630
  Policy steps: 16300
  Experience time: 26.84 mins
  Policy train time: 1.58 mins
  Average return: 0.93944
-------------------
Epoch 1640
  Policy steps: 16400
  Experience time: 26.99 mins
  Policy train time: 1.59 mins
  Average return: 0.92919
-------------------
Epoch 1650
  Policy steps: 16500
  Experience time: 27.15 mins
  Policy train time: 1.59 mins
  Average return: 0.89830
-------------------
Epoch 1660
  Policy steps: 16600
  Experience time: 27.30 mins
  Policy train time: 1.60 mins
  Average return: 0.93392
-------------------
Epoch 1670
  Policy steps: 16700
  Experience time: 27.46 mins
  Policy train time: 1.61 mins
  Average return: 0.95368
-------------------
Epoch 1680
  Policy steps: 16800
  Experience time: 27.62 mins
  Policy train time: 1.61 mins
  Average return: 0.94443
-------------------
Epoch 1690
  Policy steps: 16900
  Experience time: 27.78 mins
  Policy train time: 1.62 mins
  Average return: 0.94743
-------------------
Epoch 1700
  Policy steps: 17000
  Experience time: 27.93 mins
  Policy train time: 1.63 mins
  Average return: 0.91126
-------------------
Epoch 1710
  Policy steps: 17100
  Experience time: 28.09 mins
  Policy train time: 1.63 mins
  Average return: 0.95841
-------------------
Epoch 1720
  Policy steps: 17200
  Experience time: 28.24 mins
  Policy train time: 1.64 mins
  Average return: 0.94965
-------------------
Epoch 1730
  Policy steps: 17300
  Experience time: 28.40 mins
  Policy train time: 1.65 mins
  Average return: 0.94841
-------------------
Epoch 1740
  Policy steps: 17400
  Experience time: 28.55 mins
  Policy train time: 1.66 mins
  Average return: 0.92837
-------------------
Epoch 1750
  Policy steps: 17500
  Experience time: 28.71 mins
  Policy train time: 1.66 mins
  Average return: 0.94324
-------------------
Epoch 1760
  Policy steps: 17600
  Experience time: 28.86 mins
  Policy train time: 1.67 mins
  Average return: 0.94513
-------------------
Epoch 1770
  Policy steps: 17700
  Experience time: 29.02 mins
  Policy train time: 1.68 mins
  Average return: 0.94963
-------------------
Epoch 1780
  Policy steps: 17800
  Experience time: 29.17 mins
  Policy train time: 1.68 mins
  Average return: 0.94060
-------------------
Epoch 1790
  Policy steps: 17900
  Experience time: 29.32 mins
  Policy train time: 1.69 mins
  Average return: 0.93475
-------------------
Epoch 1800
  Policy steps: 18000
  Experience time: 29.48 mins
  Policy train time: 1.70 mins
  Average return: 0.95896
-------------------
Epoch 1810
  Policy steps: 18100
  Experience time: 29.63 mins
  Policy train time: 1.70 mins
  Average return: 0.96734
-------------------
Epoch 1820
  Policy steps: 18200
  Experience time: 29.78 mins
  Policy train time: 1.71 mins
  Average return: 0.95969
-------------------
Epoch 1830
  Policy steps: 18300
  Experience time: 29.93 mins
  Policy train time: 1.72 mins
  Average return: 0.95286
-------------------
Epoch 1840
  Policy steps: 18400
  Experience time: 30.09 mins
  Policy train time: 1.72 mins
  Average return: 0.96173
-------------------
Epoch 1850
  Policy steps: 18500
  Experience time: 30.24 mins
  Policy train time: 1.73 mins
  Average return: 0.96063
-------------------
Epoch 1860
  Policy steps: 18600
  Experience time: 30.39 mins
  Policy train time: 1.74 mins
  Average return: 0.94945
-------------------
Epoch 1870
  Policy steps: 18700
  Experience time: 30.54 mins
  Policy train time: 1.75 mins
  Average return: 0.95926
-------------------
Epoch 1880
  Policy steps: 18800
  Experience time: 30.69 mins
  Policy train time: 1.75 mins
  Average return: 0.96561
-------------------
Epoch 1890
  Policy steps: 18900
  Experience time: 30.84 mins
  Policy train time: 1.76 mins
  Average return: 0.95315
-------------------
Epoch 1900
  Policy steps: 19000
  Experience time: 30.99 mins
  Policy train time: 1.77 mins
  Average return: 0.93934
-------------------
Epoch 1910
  Policy steps: 19100
  Experience time: 31.15 mins
  Policy train time: 1.77 mins
  Average return: 0.96342
-------------------
Epoch 1920
  Policy steps: 19200
  Experience time: 31.30 mins
  Policy train time: 1.78 mins
  Average return: 0.95259
-------------------
Epoch 1930
  Policy steps: 19300
  Experience time: 31.45 mins
  Policy train time: 1.79 mins
  Average return: 0.95994
-------------------
Epoch 1940
  Policy steps: 19400
  Experience time: 31.60 mins
  Policy train time: 1.79 mins
  Average return: 0.95597
-------------------
Epoch 1950
  Policy steps: 19500
  Experience time: 31.75 mins
  Policy train time: 1.80 mins
  Average return: 0.96072
-------------------
Epoch 1960
  Policy steps: 19600
  Experience time: 31.90 mins
  Policy train time: 1.81 mins
  Average return: 0.94156
-------------------
Epoch 1970
  Policy steps: 19700
  Experience time: 32.06 mins
  Policy train time: 1.81 mins
  Average return: 0.94162
-------------------
Epoch 1980
  Policy steps: 19800
  Experience time: 32.21 mins
  Policy train time: 1.82 mins
  Average return: 0.95570
-------------------
Epoch 1990
  Policy steps: 19900
  Experience time: 32.35 mins
  Policy train time: 1.83 mins
  Average return: 0.94974
-------------------
Epoch 2000
  Policy steps: 20000
  Experience time: 32.50 mins
  Policy train time: 1.83 mins
  Average return: 0.96361
-------------------
Epoch 2010
  Policy steps: 20100
  Experience time: 32.65 mins
  Policy train time: 1.84 mins
  Average return: 0.96566
-------------------
Epoch 2020
  Policy steps: 20200
  Experience time: 32.80 mins
  Policy train time: 1.85 mins
  Average return: 0.97000
-------------------
Epoch 2030
  Policy steps: 20300
  Experience time: 32.94 mins
  Policy train time: 1.86 mins
  Average return: 0.95246
-------------------
Epoch 2040
  Policy steps: 20400
  Experience time: 33.09 mins
  Policy train time: 1.86 mins
  Average return: 0.94339
-------------------
Epoch 2050
  Policy steps: 20500
  Experience time: 33.23 mins
  Policy train time: 1.87 mins
  Average return: 0.96159
-------------------
Epoch 2060
  Policy steps: 20600
  Experience time: 33.38 mins
  Policy train time: 1.88 mins
  Average return: 0.95523
-------------------
Epoch 2070
  Policy steps: 20700
  Experience time: 33.53 mins
  Policy train time: 1.88 mins
  Average return: 0.96597
-------------------
Epoch 2080
  Policy steps: 20800
  Experience time: 33.67 mins
  Policy train time: 1.89 mins
  Average return: 0.95759
-------------------
Epoch 2090
  Policy steps: 20900
  Experience time: 33.82 mins
  Policy train time: 1.90 mins
  Average return: 0.95445
-------------------
Epoch 2100
  Policy steps: 21000
  Experience time: 33.97 mins
  Policy train time: 1.90 mins
  Average return: 0.96914
-------------------
Epoch 2110
  Policy steps: 21100
  Experience time: 34.12 mins
  Policy train time: 1.91 mins
  Average return: 0.96262
-------------------
Epoch 2120
  Policy steps: 21200
  Experience time: 34.27 mins
  Policy train time: 1.92 mins
  Average return: 0.95962
-------------------
Epoch 2130
  Policy steps: 21300
  Experience time: 34.41 mins
  Policy train time: 1.93 mins
  Average return: 0.95748
-------------------
Epoch 2140
  Policy steps: 21400
  Experience time: 34.56 mins
  Policy train time: 1.93 mins
  Average return: 0.95309
-------------------
Epoch 2150
  Policy steps: 21500
  Experience time: 34.71 mins
  Policy train time: 1.94 mins
  Average return: 0.96179
-------------------
Epoch 2160
  Policy steps: 21600
  Experience time: 34.85 mins
  Policy train time: 1.95 mins
  Average return: 0.96849
-------------------
Epoch 2170
  Policy steps: 21700
  Experience time: 35.00 mins
  Policy train time: 1.95 mins
  Average return: 0.95971
-------------------
Epoch 2180
  Policy steps: 21800
  Experience time: 35.14 mins
  Policy train time: 1.96 mins
  Average return: 0.97013
-------------------
Epoch 2190
  Policy steps: 21900
  Experience time: 35.29 mins
  Policy train time: 1.97 mins
  Average return: 0.95414
-------------------
Epoch 2200
  Policy steps: 22000
  Experience time: 35.43 mins
  Policy train time: 1.97 mins
  Average return: 0.96190
