+ source /scratch/mu61/yl8164/qcrl_envs/venv_tf/bin/activate
++ deactivate nondestructive
++ '[' -n '' ']'
++ '[' -n '' ']'
++ hash -r
++ '[' -n '' ']'
++ unset VIRTUAL_ENV
++ unset VIRTUAL_ENV_PROMPT
++ '[' '!' nondestructive = nondestructive ']'
++ VIRTUAL_ENV=/scratch/mu61/yl8164/qcrl_envs/venv_tf
++ export VIRTUAL_ENV
++ _OLD_VIRTUAL_PATH=/apps/cuda/12.2.2/bin:/apps/python3/3.11.7/bin:/opt/pbs/default/bin:/opt/nci/bin:/opt/bin:/opt/Modules/v4.3.0/bin:/bin:/usr/bin:/usr/local/sbin:/usr/sbin:/local/pbs/bin
++ PATH=/scratch/mu61/yl8164/qcrl_envs/venv_tf/bin:/apps/cuda/12.2.2/bin:/apps/python3/3.11.7/bin:/opt/pbs/default/bin:/opt/nci/bin:/opt/bin:/opt/Modules/v4.3.0/bin:/bin:/usr/bin:/usr/local/sbin:/usr/sbin:/local/pbs/bin
++ export PATH
++ '[' -n '' ']'
++ '[' -z '' ']'
++ _OLD_VIRTUAL_PS1=
++ PS1='(venv_tf) '
++ export PS1
++ VIRTUAL_ENV_PROMPT='(venv_tf) '
++ export VIRTUAL_ENV_PROMPT
++ hash -r
+ python trapped_ion_binomial_training_server.py
2026-02-21 17:10:51.288326: I tensorflow/core/util/port.cc:113] oneDNN custom operations are on. You may see slightly different numerical results due to floating-point round-off errors from different computation orders. To turn them off, set the environment variable `TF_ENABLE_ONEDNN_OPTS=0`.
2026-02-21 17:10:52.592557: E external/local_xla/xla/stream_executor/cuda/cuda_dnn.cc:9261] Unable to register cuDNN factory: Attempting to register factory for plugin cuDNN when one has already been registered
2026-02-21 17:10:52.592605: E external/local_xla/xla/stream_executor/cuda/cuda_fft.cc:607] Unable to register cuFFT factory: Attempting to register factory for plugin cuFFT when one has already been registered
2026-02-21 17:10:52.746360: E external/local_xla/xla/stream_executor/cuda/cuda_blas.cc:1515] Unable to register cuBLAS factory: Attempting to register factory for plugin cuBLAS when one has already been registered
2026-02-21 17:10:53.163256: I tensorflow/core/platform/cpu_feature_guard.cc:182] This TensorFlow binary is optimized to use available CPU instructions in performance-critical operations.
To enable the following instructions: AVX2 AVX512F AVX512_VNNI FMA, in other operations, rebuild TensorFlow with the appropriate compiler flags.
2026-02-21 17:11:16.908760: W tensorflow/compiler/tf2tensorrt/utils/py_utils.cc:38] TF-TRT Warning: Could not find TensorRT
Gym has been unmaintained since 2022 and does not support NumPy 2.0 amongst other critical functionality.
Please upgrade to Gymnasium, the maintained drop-in replacement of Gym, or contact the authors of your software and request that they upgrade.
See the migration guide at https://gymnasium.farama.org/introduction/migration_guide/ for additional information.
02/21/2026 05:13:16 Connection with: ('127.0.0.1', 37064)
2026-02-21 17:13:17.459739: W tensorflow/core/common_runtime/gpu/gpu_bfc_allocator.cc:47] Overriding orig_value setting because the TF_FORCE_GPU_ALLOW_GROWTH environment variable is set. Original config value was 0.
2026-02-21 17:13:17.459953: I tensorflow/core/common_runtime/gpu/gpu_device.cc:1929] Created device /job:localhost/replica:0/task:0/device:GPU:0 with 6444 MB memory:  -> device: 0, name: Tesla V100-SXM2-32GB, pci bus id: 0000:3d:00.0, compute capability: 7.0
02/21/2026 05:13:20 Only tf.keras.optimizers.Optimiers are well supported, got a non-TF2 optimizer: <tensorflow.python.training.adam.AdamOptimizer object at 0x14c7641a0f90>
-------------------
Epoch 0
  Policy steps: 0
  Experience time: 0.00 mins
  Policy train time: 0.00 mins
  Average return: -0.48266
WARNING:tensorflow:From /scratch/mu61/yl8164/quantum_control_rl_server/quantum_control_rl_server/PPO.py:231: ReplayBuffer.gather_all (from tf_agents.replay_buffers.replay_buffer) is deprecated and will be removed in a future version.
Instructions for updating:
Use `as_dataset(..., single_deterministic_pass=True)` instead.
02/21/2026 05:14:20 From /scratch/mu61/yl8164/quantum_control_rl_server/quantum_control_rl_server/PPO.py:231: ReplayBuffer.gather_all (from tf_agents.replay_buffers.replay_buffer) is deprecated and will be removed in a future version.
Instructions for updating:
Use `as_dataset(..., single_deterministic_pass=True)` instead.
-------------------
Epoch 10
  Policy steps: 100
  Experience time: 0.40 mins
  Policy train time: 0.47 mins
  Average return: -0.44771
-------------------
Epoch 20
  Policy steps: 200
  Experience time: 0.58 mins
  Policy train time: 0.48 mins
  Average return: -0.44736
-------------------
Epoch 30
  Policy steps: 300
  Experience time: 0.76 mins
  Policy train time: 0.49 mins
  Average return: -0.44891
-------------------
Epoch 40
  Policy steps: 400
  Experience time: 0.94 mins
  Policy train time: 0.49 mins
  Average return: -0.44849
-------------------
Epoch 50
  Policy steps: 500
  Experience time: 1.12 mins
  Policy train time: 0.50 mins
  Average return: -0.44832
-------------------
Epoch 60
  Policy steps: 600
  Experience time: 1.30 mins
  Policy train time: 0.51 mins
  Average return: -0.44792
-------------------
Epoch 70
  Policy steps: 700
  Experience time: 1.48 mins
  Policy train time: 0.52 mins
  Average return: -0.44831
-------------------
Epoch 80
  Policy steps: 800
  Experience time: 1.66 mins
  Policy train time: 0.52 mins
  Average return: -0.44952
-------------------
Epoch 90
  Policy steps: 900
  Experience time: 1.84 mins
  Policy train time: 0.53 mins
  Average return: -0.44772
-------------------
Epoch 100
  Policy steps: 1000
  Experience time: 2.02 mins
  Policy train time: 0.54 mins
  Average return: -0.44488
-------------------
Epoch 110
  Policy steps: 1100
  Experience time: 2.20 mins
  Policy train time: 0.54 mins
  Average return: -0.44427
-------------------
Epoch 120
  Policy steps: 1200
  Experience time: 2.38 mins
  Policy train time: 0.55 mins
  Average return: -0.44374
-------------------
Epoch 130
  Policy steps: 1300
  Experience time: 2.56 mins
  Policy train time: 0.56 mins
  Average return: -0.44406
-------------------
Epoch 140
  Policy steps: 1400
  Experience time: 2.74 mins
  Policy train time: 0.57 mins
  Average return: -0.44623
-------------------
Epoch 150
  Policy steps: 1500
  Experience time: 2.93 mins
  Policy train time: 0.57 mins
  Average return: -0.44700
-------------------
Epoch 160
  Policy steps: 1600
  Experience time: 3.11 mins
  Policy train time: 0.58 mins
  Average return: -0.44687
-------------------
Epoch 170
  Policy steps: 1700
  Experience time: 3.29 mins
  Policy train time: 0.59 mins
  Average return: -0.44605
-------------------
Epoch 180
  Policy steps: 1800
  Experience time: 3.47 mins
  Policy train time: 0.59 mins
  Average return: -0.44346
-------------------
Epoch 190
  Policy steps: 1900
  Experience time: 3.66 mins
  Policy train time: 0.60 mins
  Average return: -0.44178
-------------------
Epoch 200
  Policy steps: 2000
  Experience time: 3.85 mins
  Policy train time: 0.61 mins
  Average return: -0.44178
-------------------
Epoch 210
  Policy steps: 2100
  Experience time: 4.03 mins
  Policy train time: 0.61 mins
  Average return: -0.44062
-------------------
Epoch 220
  Policy steps: 2200
  Experience time: 4.22 mins
  Policy train time: 0.62 mins
  Average return: -0.43820
-------------------
Epoch 230
  Policy steps: 2300
  Experience time: 4.40 mins
  Policy train time: 0.63 mins
  Average return: -0.42172
-------------------
Epoch 240
  Policy steps: 2400
  Experience time: 4.58 mins
  Policy train time: 0.63 mins
  Average return: -0.41263
-------------------
Epoch 250
  Policy steps: 2500
  Experience time: 4.76 mins
  Policy train time: 0.64 mins
  Average return: -0.39637
-------------------
Epoch 260
  Policy steps: 2600
  Experience time: 4.95 mins
  Policy train time: 0.65 mins
  Average return: -0.36095
-------------------
Epoch 270
  Policy steps: 2700
  Experience time: 5.14 mins
  Policy train time: 0.65 mins
  Average return: -0.31954
-------------------
Epoch 280
  Policy steps: 2800
  Experience time: 5.33 mins
  Policy train time: 0.66 mins
  Average return: -0.28151
-------------------
Epoch 290
  Policy steps: 2900
  Experience time: 5.51 mins
  Policy train time: 0.67 mins
  Average return: -0.22066
-------------------
Epoch 300
  Policy steps: 3000
  Experience time: 5.70 mins
  Policy train time: 0.67 mins
  Average return: -0.17370
-------------------
Epoch 310
  Policy steps: 3100
  Experience time: 5.89 mins
  Policy train time: 0.68 mins
  Average return: -0.18522
-------------------
Epoch 320
  Policy steps: 3200
  Experience time: 6.08 mins
  Policy train time: 0.69 mins
  Average return: -0.11664
-------------------
Epoch 330
  Policy steps: 3300
  Experience time: 6.27 mins
  Policy train time: 0.69 mins
  Average return: -0.11666
-------------------
Epoch 340
  Policy steps: 3400
  Experience time: 6.46 mins
  Policy train time: 0.70 mins
  Average return: -0.11320
-------------------
Epoch 350
  Policy steps: 3500
  Experience time: 6.64 mins
  Policy train time: 0.71 mins
  Average return: -0.14658
-------------------
Epoch 360
  Policy steps: 3600
  Experience time: 6.83 mins
  Policy train time: 0.71 mins
  Average return: -0.04980
-------------------
Epoch 370
  Policy steps: 3700
  Experience time: 7.02 mins
  Policy train time: 0.72 mins
  Average return: -0.11834
-------------------
Epoch 380
  Policy steps: 3800
  Experience time: 7.21 mins
  Policy train time: 0.72 mins
  Average return: -0.08233
-------------------
Epoch 390
  Policy steps: 3900
  Experience time: 7.39 mins
  Policy train time: 0.73 mins
  Average return: -0.06195
-------------------
Epoch 400
  Policy steps: 4000
  Experience time: 7.58 mins
  Policy train time: 0.74 mins
  Average return: -0.07298
-------------------
Epoch 410
  Policy steps: 4100
  Experience time: 7.77 mins
  Policy train time: 0.75 mins
  Average return: -0.01025
-------------------
Epoch 420
  Policy steps: 4200
  Experience time: 7.95 mins
  Policy train time: 0.75 mins
  Average return: -0.03703
-------------------
Epoch 430
  Policy steps: 4300
  Experience time: 8.14 mins
  Policy train time: 0.76 mins
  Average return: -0.03724
-------------------
Epoch 440
  Policy steps: 4400
  Experience time: 8.33 mins
  Policy train time: 0.77 mins
  Average return: 0.00161
-------------------
Epoch 450
  Policy steps: 4500
  Experience time: 8.51 mins
  Policy train time: 0.77 mins
  Average return: 0.07767
-------------------
Epoch 460
  Policy steps: 4600
  Experience time: 8.70 mins
  Policy train time: 0.78 mins
  Average return: 0.02160
-------------------
Epoch 470
  Policy steps: 4700
  Experience time: 8.89 mins
  Policy train time: 0.79 mins
  Average return: 0.00723
-------------------
Epoch 480
  Policy steps: 4800
  Experience time: 9.07 mins
  Policy train time: 0.79 mins
  Average return: 0.07630
-------------------
Epoch 490
  Policy steps: 4900
  Experience time: 9.26 mins
  Policy train time: 0.80 mins
  Average return: 0.08737
-------------------
Epoch 500
  Policy steps: 5000
  Experience time: 9.45 mins
  Policy train time: 0.81 mins
  Average return: 0.08249
-------------------
Epoch 510
  Policy steps: 5100
  Experience time: 9.63 mins
  Policy train time: 0.81 mins
  Average return: 0.07966
-------------------
Epoch 520
  Policy steps: 5200
  Experience time: 9.82 mins
  Policy train time: 0.82 mins
  Average return: 0.09347
-------------------
Epoch 530
  Policy steps: 5300
  Experience time: 10.00 mins
  Policy train time: 0.83 mins
  Average return: 0.07429
-------------------
Epoch 540
  Policy steps: 5400
  Experience time: 10.18 mins
  Policy train time: 0.83 mins
  Average return: 0.11154
-------------------
Epoch 550
  Policy steps: 5500
  Experience time: 10.36 mins
  Policy train time: 0.84 mins
  Average return: 0.11861
-------------------
Epoch 560
  Policy steps: 5600
  Experience time: 10.54 mins
  Policy train time: 0.85 mins
  Average return: 0.14006
-------------------
Epoch 570
  Policy steps: 5700
  Experience time: 10.72 mins
  Policy train time: 0.85 mins
  Average return: 0.13152
-------------------
Epoch 580
  Policy steps: 5800
  Experience time: 10.90 mins
  Policy train time: 0.86 mins
  Average return: 0.07757
-------------------
Epoch 590
  Policy steps: 5900
  Experience time: 11.09 mins
  Policy train time: 0.87 mins
  Average return: 0.06325
-------------------
Epoch 600
  Policy steps: 6000
  Experience time: 11.27 mins
  Policy train time: 0.87 mins
  Average return: 0.09792
-------------------
Epoch 610
  Policy steps: 6100
  Experience time: 11.45 mins
  Policy train time: 0.88 mins
  Average return: 0.19894
-------------------
Epoch 620
  Policy steps: 6200
  Experience time: 11.63 mins
  Policy train time: 0.89 mins
  Average return: 0.15717
-------------------
Epoch 630
  Policy steps: 6300
  Experience time: 11.82 mins
  Policy train time: 0.90 mins
  Average return: 0.18999
-------------------
Epoch 640
  Policy steps: 6400
  Experience time: 12.00 mins
  Policy train time: 0.90 mins
  Average return: 0.17146
-------------------
Epoch 650
  Policy steps: 6500
  Experience time: 12.17 mins
  Policy train time: 0.91 mins
  Average return: 0.11188
-------------------
Epoch 660
  Policy steps: 6600
  Experience time: 12.35 mins
  Policy train time: 0.92 mins
  Average return: 0.25519
-------------------
Epoch 670
  Policy steps: 6700
  Experience time: 12.53 mins
  Policy train time: 0.92 mins
  Average return: 0.16985
-------------------
Epoch 680
  Policy steps: 6800
  Experience time: 12.71 mins
  Policy train time: 0.93 mins
  Average return: 0.25791
-------------------
Epoch 690
  Policy steps: 6900
  Experience time: 12.89 mins
  Policy train time: 0.94 mins
  Average return: 0.31804
-------------------
Epoch 700
  Policy steps: 7000
  Experience time: 13.07 mins
  Policy train time: 0.94 mins
  Average return: 0.22775
-------------------
Epoch 710
  Policy steps: 7100
  Experience time: 13.25 mins
  Policy train time: 0.95 mins
  Average return: 0.28915
-------------------
Epoch 720
  Policy steps: 7200
  Experience time: 13.42 mins
  Policy train time: 0.96 mins
  Average return: 0.23909
-------------------
Epoch 730
  Policy steps: 7300
  Experience time: 13.60 mins
  Policy train time: 0.97 mins
  Average return: 0.20519
-------------------
Epoch 740
  Policy steps: 7400
  Experience time: 13.78 mins
  Policy train time: 0.97 mins
  Average return: 0.37856
-------------------
Epoch 750
  Policy steps: 7500
  Experience time: 13.95 mins
  Policy train time: 0.98 mins
  Average return: 0.30944
-------------------
Epoch 760
  Policy steps: 7600
  Experience time: 14.12 mins
  Policy train time: 0.99 mins
  Average return: 0.28718
-------------------
Epoch 770
  Policy steps: 7700
  Experience time: 14.30 mins
  Policy train time: 1.00 mins
  Average return: 0.40007
-------------------
Epoch 780
  Policy steps: 7800
  Experience time: 14.48 mins
  Policy train time: 1.00 mins
  Average return: 0.41413
-------------------
Epoch 790
  Policy steps: 7900
  Experience time: 14.65 mins
  Policy train time: 1.01 mins
  Average return: 0.29430
-------------------
Epoch 800
  Policy steps: 8000
  Experience time: 14.83 mins
  Policy train time: 1.02 mins
  Average return: 0.35853
-------------------
Epoch 810
  Policy steps: 8100
  Experience time: 15.00 mins
  Policy train time: 1.02 mins
  Average return: 0.37424
-------------------
Epoch 820
  Policy steps: 8200
  Experience time: 15.18 mins
  Policy train time: 1.03 mins
  Average return: 0.35559
-------------------
Epoch 830
  Policy steps: 8300
  Experience time: 15.36 mins
  Policy train time: 1.04 mins
  Average return: 0.45221
-------------------
Epoch 840
  Policy steps: 8400
  Experience time: 15.53 mins
  Policy train time: 1.04 mins
  Average return: 0.41441
-------------------
Epoch 850
  Policy steps: 8500
  Experience time: 15.71 mins
  Policy train time: 1.05 mins
  Average return: 0.48564
-------------------
Epoch 860
  Policy steps: 8600
  Experience time: 15.89 mins
  Policy train time: 1.06 mins
  Average return: 0.42226
-------------------
Epoch 870
  Policy steps: 8700
  Experience time: 16.06 mins
  Policy train time: 1.07 mins
  Average return: 0.43899
-------------------
Epoch 880
  Policy steps: 8800
  Experience time: 16.24 mins
  Policy train time: 1.07 mins
  Average return: 0.44912
-------------------
Epoch 890
  Policy steps: 8900
  Experience time: 16.41 mins
  Policy train time: 1.08 mins
  Average return: 0.44968
-------------------
Epoch 900
  Policy steps: 9000
  Experience time: 16.59 mins
  Policy train time: 1.09 mins
  Average return: 0.46630
-------------------
Epoch 910
  Policy steps: 9100
  Experience time: 16.76 mins
  Policy train time: 1.09 mins
  Average return: 0.46445
-------------------
Epoch 920
  Policy steps: 9200
  Experience time: 16.93 mins
  Policy train time: 1.10 mins
  Average return: 0.36016
-------------------
Epoch 930
  Policy steps: 9300
  Experience time: 17.11 mins
  Policy train time: 1.11 mins
  Average return: 0.46215
-------------------
Epoch 940
  Policy steps: 9400
  Experience time: 17.28 mins
  Policy train time: 1.11 mins
  Average return: 0.49445
-------------------
Epoch 950
  Policy steps: 9500
  Experience time: 17.46 mins
  Policy train time: 1.12 mins
  Average return: 0.56563
-------------------
Epoch 960
  Policy steps: 9600
  Experience time: 17.63 mins
  Policy train time: 1.13 mins
  Average return: 0.52214
-------------------
Epoch 970
  Policy steps: 9700
  Experience time: 17.81 mins
  Policy train time: 1.14 mins
  Average return: 0.49375
-------------------
Epoch 980
  Policy steps: 9800
  Experience time: 17.98 mins
  Policy train time: 1.14 mins
  Average return: 0.48658
-------------------
Epoch 990
  Policy steps: 9900
  Experience time: 18.16 mins
  Policy train time: 1.15 mins
  Average return: 0.62006
-------------------
Epoch 1000
  Policy steps: 10000
  Experience time: 18.33 mins
  Policy train time: 1.16 mins
  Average return: 0.52039
-------------------
Epoch 1010
  Policy steps: 10100
  Experience time: 18.51 mins
  Policy train time: 1.16 mins
  Average return: 0.57504
-------------------
Epoch 1020
  Policy steps: 10200
  Experience time: 18.68 mins
  Policy train time: 1.17 mins
  Average return: 0.61073
-------------------
Epoch 1030
  Policy steps: 10300
  Experience time: 18.85 mins
  Policy train time: 1.18 mins
  Average return: 0.61828
-------------------
Epoch 1040
  Policy steps: 10400
  Experience time: 19.03 mins
  Policy train time: 1.18 mins
  Average return: 0.63417
-------------------
Epoch 1050
  Policy steps: 10500
  Experience time: 19.20 mins
  Policy train time: 1.19 mins
  Average return: 0.64691
-------------------
Epoch 1060
  Policy steps: 10600
  Experience time: 19.38 mins
  Policy train time: 1.20 mins
  Average return: 0.56398
-------------------
Epoch 1070
  Policy steps: 10700
  Experience time: 19.55 mins
  Policy train time: 1.21 mins
  Average return: 0.64748
-------------------
Epoch 1080
  Policy steps: 10800
  Experience time: 19.72 mins
  Policy train time: 1.21 mins
  Average return: 0.68942
-------------------
Epoch 1090
  Policy steps: 10900
  Experience time: 19.90 mins
  Policy train time: 1.22 mins
  Average return: 0.65481
-------------------
Epoch 1100
  Policy steps: 11000
  Experience time: 20.07 mins
  Policy train time: 1.23 mins
  Average return: 0.68737
-------------------
Epoch 1110
  Policy steps: 11100
  Experience time: 20.24 mins
  Policy train time: 1.23 mins
  Average return: 0.65259
-------------------
Epoch 1120
  Policy steps: 11200
  Experience time: 20.42 mins
  Policy train time: 1.24 mins
  Average return: 0.61351
-------------------
Epoch 1130
  Policy steps: 11300
  Experience time: 20.59 mins
  Policy train time: 1.25 mins
  Average return: 0.66931
-------------------
Epoch 1140
  Policy steps: 11400
  Experience time: 20.77 mins
  Policy train time: 1.25 mins
  Average return: 0.67856
-------------------
Epoch 1150
  Policy steps: 11500
  Experience time: 20.94 mins
  Policy train time: 1.26 mins
  Average return: 0.68390
-------------------
Epoch 1160
  Policy steps: 11600
  Experience time: 21.11 mins
  Policy train time: 1.27 mins
  Average return: 0.71465
-------------------
Epoch 1170
  Policy steps: 11700
  Experience time: 21.29 mins
  Policy train time: 1.28 mins
  Average return: 0.74955
-------------------
Epoch 1180
  Policy steps: 11800
  Experience time: 21.46 mins
  Policy train time: 1.28 mins
  Average return: 0.66939
-------------------
Epoch 1190
  Policy steps: 11900
  Experience time: 21.63 mins
  Policy train time: 1.29 mins
  Average return: 0.65911
-------------------
Epoch 1200
  Policy steps: 12000
  Experience time: 21.81 mins
  Policy train time: 1.30 mins
  Average return: 0.74579
-------------------
Epoch 1210
  Policy steps: 12100
  Experience time: 21.98 mins
  Policy train time: 1.30 mins
  Average return: 0.76689
-------------------
Epoch 1220
  Policy steps: 12200
  Experience time: 22.15 mins
  Policy train time: 1.31 mins
  Average return: 0.68877
-------------------
Epoch 1230
  Policy steps: 12300
  Experience time: 22.33 mins
  Policy train time: 1.32 mins
  Average return: 0.68857
-------------------
Epoch 1240
  Policy steps: 12400
  Experience time: 22.50 mins
  Policy train time: 1.32 mins
  Average return: 0.74849
-------------------
Epoch 1250
  Policy steps: 12500
  Experience time: 22.67 mins
  Policy train time: 1.33 mins
  Average return: 0.73843
-------------------
Epoch 1260
  Policy steps: 12600
  Experience time: 22.85 mins
  Policy train time: 1.34 mins
  Average return: 0.62944
-------------------
Epoch 1270
  Policy steps: 12700
  Experience time: 23.02 mins
  Policy train time: 1.35 mins
  Average return: 0.70481
-------------------
Epoch 1280
  Policy steps: 12800
  Experience time: 23.19 mins
  Policy train time: 1.35 mins
  Average return: 0.78719
-------------------
Epoch 1290
  Policy steps: 12900
  Experience time: 23.37 mins
  Policy train time: 1.36 mins
  Average return: 0.67969
-------------------
Epoch 1300
  Policy steps: 13000
  Experience time: 23.54 mins
  Policy train time: 1.37 mins
  Average return: 0.74902
-------------------
Epoch 1310
  Policy steps: 13100
  Experience time: 23.71 mins
  Policy train time: 1.37 mins
  Average return: 0.70600
-------------------
Epoch 1320
  Policy steps: 13200
  Experience time: 23.89 mins
  Policy train time: 1.38 mins
  Average return: 0.68077
-------------------
Epoch 1330
  Policy steps: 13300
  Experience time: 24.06 mins
  Policy train time: 1.39 mins
  Average return: 0.80486
-------------------
Epoch 1340
  Policy steps: 13400
  Experience time: 24.23 mins
  Policy train time: 1.39 mins
  Average return: 0.81299
-------------------
Epoch 1350
  Policy steps: 13500
  Experience time: 24.40 mins
  Policy train time: 1.40 mins
  Average return: 0.73841
-------------------
Epoch 1360
  Policy steps: 13600
  Experience time: 24.58 mins
  Policy train time: 1.41 mins
  Average return: 0.73947
-------------------
Epoch 1370
  Policy steps: 13700
  Experience time: 24.75 mins
  Policy train time: 1.42 mins
  Average return: 0.81957
-------------------
Epoch 1380
  Policy steps: 13800
  Experience time: 24.92 mins
  Policy train time: 1.42 mins
  Average return: 0.78593
-------------------
Epoch 1390
  Policy steps: 13900
  Experience time: 25.09 mins
  Policy train time: 1.43 mins
  Average return: 0.71868
-------------------
Epoch 1400
  Policy steps: 14000
  Experience time: 25.27 mins
  Policy train time: 1.44 mins
  Average return: 0.79409
-------------------
Epoch 1410
  Policy steps: 14100
  Experience time: 25.44 mins
  Policy train time: 1.44 mins
  Average return: 0.78756
-------------------
Epoch 1420
  Policy steps: 14200
  Experience time: 25.61 mins
  Policy train time: 1.45 mins
  Average return: 0.78098
-------------------
Epoch 1430
  Policy steps: 14300
  Experience time: 25.78 mins
  Policy train time: 1.46 mins
  Average return: 0.79434
-------------------
Epoch 1440
  Policy steps: 14400
  Experience time: 25.95 mins
  Policy train time: 1.46 mins
  Average return: 0.76178
-------------------
Epoch 1450
  Policy steps: 14500
  Experience time: 26.13 mins
  Policy train time: 1.47 mins
  Average return: 0.79667
-------------------
Epoch 1460
  Policy steps: 14600
  Experience time: 26.30 mins
  Policy train time: 1.48 mins
  Average return: 0.77604
-------------------
Epoch 1470
  Policy steps: 14700
  Experience time: 26.47 mins
  Policy train time: 1.49 mins
  Average return: 0.81468
-------------------
Epoch 1480
  Policy steps: 14800
  Experience time: 26.64 mins
  Policy train time: 1.49 mins
  Average return: 0.81408
-------------------
Epoch 1490
  Policy steps: 14900
  Experience time: 26.81 mins
  Policy train time: 1.50 mins
  Average return: 0.80857
-------------------
Epoch 1500
  Policy steps: 15000
  Experience time: 26.98 mins
  Policy train time: 1.51 mins
  Average return: 0.80780
-------------------
Epoch 1510
  Policy steps: 15100
  Experience time: 27.15 mins
  Policy train time: 1.51 mins
  Average return: 0.79242
-------------------
Epoch 1520
  Policy steps: 15200
  Experience time: 27.32 mins
  Policy train time: 1.52 mins
  Average return: 0.82397
-------------------
Epoch 1530
  Policy steps: 15300
  Experience time: 27.49 mins
  Policy train time: 1.53 mins
  Average return: 0.77150
-------------------
Epoch 1540
  Policy steps: 15400
  Experience time: 27.66 mins
  Policy train time: 1.54 mins
  Average return: 0.77016
-------------------
Epoch 1550
  Policy steps: 15500
  Experience time: 27.83 mins
  Policy train time: 1.54 mins
  Average return: 0.84012
-------------------
Epoch 1560
  Policy steps: 15600
  Experience time: 28.00 mins
  Policy train time: 1.55 mins
  Average return: 0.74545
-------------------
Epoch 1570
  Policy steps: 15700
  Experience time: 28.17 mins
  Policy train time: 1.56 mins
  Average return: 0.78529
-------------------
Epoch 1580
  Policy steps: 15800
  Experience time: 28.34 mins
  Policy train time: 1.56 mins
  Average return: 0.80088
-------------------
Epoch 1590
  Policy steps: 15900
  Experience time: 28.52 mins
  Policy train time: 1.57 mins
  Average return: 0.78331
-------------------
Epoch 1600
  Policy steps: 16000
  Experience time: 28.68 mins
  Policy train time: 1.58 mins
  Average return: 0.87914
-------------------
Epoch 1610
  Policy steps: 16100
  Experience time: 28.85 mins
  Policy train time: 1.58 mins
  Average return: 0.84041
-------------------
Epoch 1620
  Policy steps: 16200
  Experience time: 29.03 mins
  Policy train time: 1.59 mins
  Average return: 0.82264
-------------------
Epoch 1630
  Policy steps: 16300
  Experience time: 29.20 mins
  Policy train time: 1.60 mins
  Average return: 0.81300
-------------------
Epoch 1640
  Policy steps: 16400
  Experience time: 29.37 mins
  Policy train time: 1.61 mins
  Average return: 0.77944
-------------------
Epoch 1650
  Policy steps: 16500
  Experience time: 29.54 mins
  Policy train time: 1.61 mins
  Average return: 0.71346
-------------------
Epoch 1660
  Policy steps: 16600
  Experience time: 29.71 mins
  Policy train time: 1.62 mins
  Average return: 0.80780
-------------------
Epoch 1670
  Policy steps: 16700
  Experience time: 29.88 mins
  Policy train time: 1.63 mins
  Average return: 0.86525
-------------------
Epoch 1680
  Policy steps: 16800
  Experience time: 30.05 mins
  Policy train time: 1.63 mins
  Average return: 0.81736
-------------------
Epoch 1690
  Policy steps: 16900
  Experience time: 30.21 mins
  Policy train time: 1.64 mins
  Average return: 0.82970
-------------------
Epoch 1700
  Policy steps: 17000
  Experience time: 30.38 mins
  Policy train time: 1.65 mins
  Average return: 0.72093
-------------------
Epoch 1710
  Policy steps: 17100
  Experience time: 30.55 mins
  Policy train time: 1.65 mins
  Average return: 0.87557
-------------------
Epoch 1720
  Policy steps: 17200
  Experience time: 30.72 mins
  Policy train time: 1.66 mins
  Average return: 0.84894
-------------------
Epoch 1730
  Policy steps: 17300
  Experience time: 30.89 mins
  Policy train time: 1.67 mins
  Average return: 0.82717
-------------------
Epoch 1740
  Policy steps: 17400
  Experience time: 31.06 mins
  Policy train time: 1.68 mins
  Average return: 0.76608
-------------------
Epoch 1750
  Policy steps: 17500
  Experience time: 31.22 mins
  Policy train time: 1.68 mins
  Average return: 0.80177
-------------------
Epoch 1760
  Policy steps: 17600
  Experience time: 31.39 mins
  Policy train time: 1.69 mins
  Average return: 0.81737
-------------------
Epoch 1770
  Policy steps: 17700
  Experience time: 31.56 mins
  Policy train time: 1.70 mins
  Average return: 0.82732
-------------------
Epoch 1780
  Policy steps: 17800
  Experience time: 31.72 mins
  Policy train time: 1.70 mins
  Average return: 0.79105
-------------------
Epoch 1790
  Policy steps: 17900
  Experience time: 31.89 mins
  Policy train time: 1.71 mins
  Average return: 0.77180
-------------------
Epoch 1800
  Policy steps: 18000
  Experience time: 32.05 mins
  Policy train time: 1.72 mins
  Average return: 0.85925
-------------------
Epoch 1810
  Policy steps: 18100
  Experience time: 32.22 mins
  Policy train time: 1.73 mins
  Average return: 0.89896
-------------------
Epoch 1820
  Policy steps: 18200
  Experience time: 32.38 mins
  Policy train time: 1.73 mins
  Average return: 0.84593
-------------------
Epoch 1830
  Policy steps: 18300
  Experience time: 32.55 mins
  Policy train time: 1.74 mins
  Average return: 0.83343
-------------------
Epoch 1840
  Policy steps: 18400
  Experience time: 32.71 mins
  Policy train time: 1.75 mins
  Average return: 0.86635
-------------------
Epoch 1850
  Policy steps: 18500
  Experience time: 32.88 mins
  Policy train time: 1.75 mins
  Average return: 0.85985
-------------------
Epoch 1860
  Policy steps: 18600
  Experience time: 33.04 mins
  Policy train time: 1.76 mins
  Average return: 0.82866
-------------------
Epoch 1870
  Policy steps: 18700
  Experience time: 33.21 mins
  Policy train time: 1.77 mins
  Average return: 0.87652
-------------------
Epoch 1880
  Policy steps: 18800
  Experience time: 33.38 mins
  Policy train time: 1.77 mins
  Average return: 0.89939
-------------------
Epoch 1890
  Policy steps: 18900
  Experience time: 33.54 mins
  Policy train time: 1.78 mins
  Average return: 0.80761
-------------------
Epoch 1900
  Policy steps: 19000
  Experience time: 33.71 mins
  Policy train time: 1.79 mins
  Average return: 0.76904
-------------------
Epoch 1910
  Policy steps: 19100
  Experience time: 33.87 mins
  Policy train time: 1.80 mins
  Average return: 0.87189
-------------------
Epoch 1920
  Policy steps: 19200
  Experience time: 34.04 mins
  Policy train time: 1.80 mins
  Average return: 0.81618
-------------------
Epoch 1930
  Policy steps: 19300
  Experience time: 34.20 mins
  Policy train time: 1.81 mins
  Average return: 0.86284
-------------------
Epoch 1940
  Policy steps: 19400
  Experience time: 34.37 mins
  Policy train time: 1.82 mins
  Average return: 0.82053
-------------------
Epoch 1950
  Policy steps: 19500
  Experience time: 34.53 mins
  Policy train time: 1.82 mins
  Average return: 0.83346
-------------------
Epoch 1960
  Policy steps: 19600
  Experience time: 34.70 mins
  Policy train time: 1.83 mins
  Average return: 0.75451
-------------------
Epoch 1970
  Policy steps: 19700
  Experience time: 34.86 mins
  Policy train time: 1.84 mins
  Average return: 0.75797
-------------------
Epoch 1980
  Policy steps: 19800
  Experience time: 35.03 mins
  Policy train time: 1.84 mins
  Average return: 0.83663
-------------------
Epoch 1990
  Policy steps: 19900
  Experience time: 35.19 mins
  Policy train time: 1.85 mins
  Average return: 0.79683
-------------------
Epoch 2000
  Policy steps: 20000
  Experience time: 35.35 mins
  Policy train time: 1.86 mins
  Average return: 0.87530
-------------------
Epoch 2010
  Policy steps: 20100
  Experience time: 35.51 mins
  Policy train time: 1.87 mins
  Average return: 0.89596
-------------------
Epoch 2020
  Policy steps: 20200
  Experience time: 35.67 mins
  Policy train time: 1.87 mins
  Average return: 0.88275
-------------------
Epoch 2030
  Policy steps: 20300
  Experience time: 35.83 mins
  Policy train time: 1.88 mins
  Average return: 0.83339
-------------------
Epoch 2040
  Policy steps: 20400
  Experience time: 35.98 mins
  Policy train time: 1.89 mins
  Average return: 0.78717
-------------------
Epoch 2050
  Policy steps: 20500
  Experience time: 36.14 mins
  Policy train time: 1.89 mins
  Average return: 0.83172
-------------------
Epoch 2060
  Policy steps: 20600
  Experience time: 36.30 mins
  Policy train time: 1.90 mins
  Average return: 0.79992
-------------------
Epoch 2070
  Policy steps: 20700
  Experience time: 36.45 mins
  Policy train time: 1.91 mins
  Average return: 0.88414
-------------------
Epoch 2080
  Policy steps: 20800
  Experience time: 36.61 mins
  Policy train time: 1.91 mins
  Average return: 0.82057
-------------------
Epoch 2090
  Policy steps: 20900
  Experience time: 36.77 mins
  Policy train time: 1.92 mins
  Average return: 0.82054
-------------------
Epoch 2100
  Policy steps: 21000
  Experience time: 36.94 mins
  Policy train time: 1.93 mins
  Average return: 0.88953
-------------------
Epoch 2110
  Policy steps: 21100
  Experience time: 37.10 mins
  Policy train time: 1.93 mins
  Average return: 0.85624
-------------------
Epoch 2120
  Policy steps: 21200
  Experience time: 37.26 mins
  Policy train time: 1.94 mins
  Average return: 0.83152
-------------------
Epoch 2130
  Policy steps: 21300
  Experience time: 37.41 mins
  Policy train time: 1.95 mins
  Average return: 0.82514
-------------------
Epoch 2140
  Policy steps: 21400
  Experience time: 37.57 mins
  Policy train time: 1.96 mins
  Average return: 0.82401
-------------------
Epoch 2150
  Policy steps: 21500
  Experience time: 37.73 mins
  Policy train time: 1.96 mins
  Average return: 0.83791
-------------------
Epoch 2160
  Policy steps: 21600
  Experience time: 37.89 mins
  Policy train time: 1.97 mins
  Average return: 0.88490
-------------------
Epoch 2170
  Policy steps: 21700
  Experience time: 38.04 mins
  Policy train time: 1.98 mins
  Average return: 0.83395
-------------------
Epoch 2180
  Policy steps: 21800
  Experience time: 38.19 mins
  Policy train time: 1.98 mins
  Average return: 0.88376
-------------------
Epoch 2190
  Policy steps: 21900
  Experience time: 38.35 mins
  Policy train time: 1.99 mins
  Average return: 0.81413
-------------------
Epoch 2200
  Policy steps: 22000
  Experience time: 38.50 mins
  Policy train time: 2.00 mins
  Average return: 0.82820
