+ source /scratch/mu61/yl8164/qcrl_envs/venv_tf/bin/activate
++ deactivate nondestructive
++ '[' -n '' ']'
++ '[' -n '' ']'
++ hash -r
++ '[' -n '' ']'
++ unset VIRTUAL_ENV
++ unset VIRTUAL_ENV_PROMPT
++ '[' '!' nondestructive = nondestructive ']'
++ VIRTUAL_ENV=/scratch/mu61/yl8164/qcrl_envs/venv_tf
++ export VIRTUAL_ENV
++ _OLD_VIRTUAL_PATH=/apps/cuda/12.2.2/bin:/apps/python3/3.11.7/bin:/opt/pbs/default/bin:/opt/nci/bin:/opt/bin:/opt/Modules/v4.3.0/bin:/bin:/usr/bin:/usr/local/sbin:/usr/sbin:/local/pbs/bin
++ PATH=/scratch/mu61/yl8164/qcrl_envs/venv_tf/bin:/apps/cuda/12.2.2/bin:/apps/python3/3.11.7/bin:/opt/pbs/default/bin:/opt/nci/bin:/opt/bin:/opt/Modules/v4.3.0/bin:/bin:/usr/bin:/usr/local/sbin:/usr/sbin:/local/pbs/bin
++ export PATH
++ '[' -n '' ']'
++ '[' -z '' ']'
++ _OLD_VIRTUAL_PS1=
++ PS1='(venv_tf) '
++ export PS1
++ VIRTUAL_ENV_PROMPT='(venv_tf) '
++ export VIRTUAL_ENV_PROMPT
++ hash -r
+ python trapped_ion_cat_training_server.py
2026-02-09 18:26:47.336060: I tensorflow/core/util/port.cc:113] oneDNN custom operations are on. You may see slightly different numerical results due to floating-point round-off errors from different computation orders. To turn them off, set the environment variable `TF_ENABLE_ONEDNN_OPTS=0`.
2026-02-09 18:26:48.724757: E external/local_xla/xla/stream_executor/cuda/cuda_dnn.cc:9261] Unable to register cuDNN factory: Attempting to register factory for plugin cuDNN when one has already been registered
2026-02-09 18:26:48.724812: E external/local_xla/xla/stream_executor/cuda/cuda_fft.cc:607] Unable to register cuFFT factory: Attempting to register factory for plugin cuFFT when one has already been registered
2026-02-09 18:26:48.865318: E external/local_xla/xla/stream_executor/cuda/cuda_blas.cc:1515] Unable to register cuBLAS factory: Attempting to register factory for plugin cuBLAS when one has already been registered
2026-02-09 18:26:49.334127: I tensorflow/core/platform/cpu_feature_guard.cc:182] This TensorFlow binary is optimized to use available CPU instructions in performance-critical operations.
To enable the following instructions: AVX2 AVX512F AVX512_VNNI FMA, in other operations, rebuild TensorFlow with the appropriate compiler flags.
2026-02-09 18:27:09.602151: W tensorflow/compiler/tf2tensorrt/utils/py_utils.cc:38] TF-TRT Warning: Could not find TensorRT
Gym has been unmaintained since 2022 and does not support NumPy 2.0 amongst other critical functionality.
Please upgrade to Gymnasium, the maintained drop-in replacement of Gym, or contact the authors of your software and request that they upgrade.
See the migration guide at https://gymnasium.farama.org/introduction/migration_guide/ for additional information.
02/09/2026 06:28:53 Connection with: ('127.0.0.1', 55832)
2026-02-09 18:28:54.284853: W tensorflow/core/common_runtime/gpu/gpu_bfc_allocator.cc:47] Overriding orig_value setting because the TF_FORCE_GPU_ALLOW_GROWTH environment variable is set. Original config value was 0.
2026-02-09 18:28:54.285066: I tensorflow/core/common_runtime/gpu/gpu_device.cc:1929] Created device /job:localhost/replica:0/task:0/device:GPU:0 with 6446 MB memory:  -> device: 0, name: Tesla V100-SXM2-32GB, pci bus id: 0000:b2:00.0, compute capability: 7.0
02/09/2026 06:28:57 Only tf.keras.optimizers.Optimiers are well supported, got a non-TF2 optimizer: <tensorflow.python.training.adam.AdamOptimizer object at 0x150164d26a90>
-------------------
Epoch 0
  Policy steps: 0
  Experience time: 0.00 mins
  Policy train time: 0.00 mins
  Average return: -0.03064
WARNING:tensorflow:From /scratch/mu61/yl8164/quantum_control_rl_server/quantum_control_rl_server/PPO.py:231: ReplayBuffer.gather_all (from tf_agents.replay_buffers.replay_buffer) is deprecated and will be removed in a future version.
Instructions for updating:
Use `as_dataset(..., single_deterministic_pass=True)` instead.
02/09/2026 06:29:54 From /scratch/mu61/yl8164/quantum_control_rl_server/quantum_control_rl_server/PPO.py:231: ReplayBuffer.gather_all (from tf_agents.replay_buffers.replay_buffer) is deprecated and will be removed in a future version.
Instructions for updating:
Use `as_dataset(..., single_deterministic_pass=True)` instead.
-------------------
Epoch 10
  Policy steps: 100
  Experience time: 0.35 mins
  Policy train time: 0.48 mins
  Average return: -0.00033
-------------------
Epoch 20
  Policy steps: 200
  Experience time: 0.50 mins
  Policy train time: 0.48 mins
  Average return: -0.00180
-------------------
Epoch 30
  Policy steps: 300
  Experience time: 0.65 mins
  Policy train time: 0.49 mins
  Average return: -0.00380
-------------------
Epoch 40
  Policy steps: 400
  Experience time: 0.80 mins
  Policy train time: 0.50 mins
  Average return: -0.01282
-------------------
Epoch 50
  Policy steps: 500
  Experience time: 0.95 mins
  Policy train time: 0.51 mins
  Average return: -0.01510
-------------------
Epoch 60
  Policy steps: 600
  Experience time: 1.10 mins
  Policy train time: 0.51 mins
  Average return: -0.02055
-------------------
Epoch 70
  Policy steps: 700
  Experience time: 1.25 mins
  Policy train time: 0.52 mins
  Average return: -0.02054
-------------------
Epoch 80
  Policy steps: 800
  Experience time: 1.40 mins
  Policy train time: 0.53 mins
  Average return: -0.01824
-------------------
Epoch 90
  Policy steps: 900
  Experience time: 1.54 mins
  Policy train time: 0.53 mins
  Average return: -0.02048
-------------------
Epoch 100
  Policy steps: 1000
  Experience time: 1.69 mins
  Policy train time: 0.54 mins
  Average return: -0.01876
-------------------
Epoch 110
  Policy steps: 1100
  Experience time: 1.84 mins
  Policy train time: 0.55 mins
  Average return: -0.02035
-------------------
Epoch 120
  Policy steps: 1200
  Experience time: 1.99 mins
  Policy train time: 0.55 mins
  Average return: -0.02341
-------------------
Epoch 130
  Policy steps: 1300
  Experience time: 2.14 mins
  Policy train time: 0.56 mins
  Average return: -0.02030
-------------------
Epoch 140
  Policy steps: 1400
  Experience time: 2.28 mins
  Policy train time: 0.57 mins
  Average return: -0.02072
-------------------
Epoch 150
  Policy steps: 1500
  Experience time: 2.43 mins
  Policy train time: 0.57 mins
  Average return: -0.02211
-------------------
Epoch 160
  Policy steps: 1600
  Experience time: 2.58 mins
  Policy train time: 0.58 mins
  Average return: -0.01835
-------------------
Epoch 170
  Policy steps: 1700
  Experience time: 2.73 mins
  Policy train time: 0.59 mins
  Average return: -0.01917
-------------------
Epoch 180
  Policy steps: 1800
  Experience time: 2.88 mins
  Policy train time: 0.59 mins
  Average return: -0.01467
-------------------
Epoch 190
  Policy steps: 1900
  Experience time: 3.05 mins
  Policy train time: 0.60 mins
  Average return: -0.01275
-------------------
Epoch 200
  Policy steps: 2000
  Experience time: 3.20 mins
  Policy train time: 0.61 mins
  Average return: -0.00555
-------------------
Epoch 210
  Policy steps: 2100
  Experience time: 3.35 mins
  Policy train time: 0.61 mins
  Average return: -0.00281
-------------------
Epoch 220
  Policy steps: 2200
  Experience time: 3.50 mins
  Policy train time: 0.62 mins
  Average return: -0.00088
-------------------
Epoch 230
  Policy steps: 2300
  Experience time: 3.65 mins
  Policy train time: 0.62 mins
  Average return: 0.00651
-------------------
Epoch 240
  Policy steps: 2400
  Experience time: 3.80 mins
  Policy train time: 0.63 mins
  Average return: 0.01255
-------------------
Epoch 250
  Policy steps: 2500
  Experience time: 3.95 mins
  Policy train time: 0.64 mins
  Average return: 0.01508
-------------------
Epoch 260
  Policy steps: 2600
  Experience time: 4.11 mins
  Policy train time: 0.64 mins
  Average return: 0.01645
-------------------
Epoch 270
  Policy steps: 2700
  Experience time: 4.26 mins
  Policy train time: 0.65 mins
  Average return: 0.02233
-------------------
Epoch 280
  Policy steps: 2800
  Experience time: 4.41 mins
  Policy train time: 0.66 mins
  Average return: 0.04077
-------------------
Epoch 290
  Policy steps: 2900
  Experience time: 4.56 mins
  Policy train time: 0.66 mins
  Average return: 0.08698
-------------------
Epoch 300
  Policy steps: 3000
  Experience time: 4.71 mins
  Policy train time: 0.67 mins
  Average return: 0.17823
-------------------
Epoch 310
  Policy steps: 3100
  Experience time: 4.86 mins
  Policy train time: 0.68 mins
  Average return: 0.31123
-------------------
Epoch 320
  Policy steps: 3200
  Experience time: 5.02 mins
  Policy train time: 0.68 mins
  Average return: 0.46401
-------------------
Epoch 330
  Policy steps: 3300
  Experience time: 5.17 mins
  Policy train time: 0.69 mins
  Average return: 0.60528
-------------------
Epoch 340
  Policy steps: 3400
  Experience time: 5.33 mins
  Policy train time: 0.70 mins
  Average return: 0.68034
-------------------
Epoch 350
  Policy steps: 3500
  Experience time: 5.48 mins
  Policy train time: 0.70 mins
  Average return: 0.72616
-------------------
Epoch 360
  Policy steps: 3600
  Experience time: 5.64 mins
  Policy train time: 0.71 mins
  Average return: 0.75118
-------------------
Epoch 370
  Policy steps: 3700
  Experience time: 5.79 mins
  Policy train time: 0.72 mins
  Average return: 0.78541
-------------------
Epoch 380
  Policy steps: 3800
  Experience time: 5.95 mins
  Policy train time: 0.72 mins
  Average return: 0.80127
-------------------
Epoch 390
  Policy steps: 3900
  Experience time: 6.10 mins
  Policy train time: 0.73 mins
  Average return: 0.81044
-------------------
Epoch 400
  Policy steps: 4000
  Experience time: 6.25 mins
  Policy train time: 0.74 mins
  Average return: 0.82684
-------------------
Epoch 410
  Policy steps: 4100
  Experience time: 6.41 mins
  Policy train time: 0.74 mins
  Average return: 0.83934
-------------------
Epoch 420
  Policy steps: 4200
  Experience time: 6.56 mins
  Policy train time: 0.75 mins
  Average return: 0.84379
-------------------
Epoch 430
  Policy steps: 4300
  Experience time: 6.71 mins
  Policy train time: 0.76 mins
  Average return: 0.85523
-------------------
Epoch 440
  Policy steps: 4400
  Experience time: 6.86 mins
  Policy train time: 0.76 mins
  Average return: 0.86558
-------------------
Epoch 450
  Policy steps: 4500
  Experience time: 7.01 mins
  Policy train time: 0.77 mins
  Average return: 0.87624
-------------------
Epoch 460
  Policy steps: 4600
  Experience time: 7.16 mins
  Policy train time: 0.78 mins
  Average return: 0.88436
-------------------
Epoch 470
  Policy steps: 4700
  Experience time: 7.31 mins
  Policy train time: 0.78 mins
  Average return: 0.88991
-------------------
Epoch 480
  Policy steps: 4800
  Experience time: 7.46 mins
  Policy train time: 0.79 mins
  Average return: 0.89759
-------------------
Epoch 490
  Policy steps: 4900
  Experience time: 7.61 mins
  Policy train time: 0.80 mins
  Average return: 0.90185
-------------------
Epoch 500
  Policy steps: 5000
  Experience time: 7.76 mins
  Policy train time: 0.81 mins
  Average return: 0.90140
-------------------
Epoch 510
  Policy steps: 5100
  Experience time: 7.91 mins
  Policy train time: 0.81 mins
  Average return: 0.91012
-------------------
Epoch 520
  Policy steps: 5200
  Experience time: 8.06 mins
  Policy train time: 0.82 mins
  Average return: 0.91361
-------------------
Epoch 530
  Policy steps: 5300
  Experience time: 8.21 mins
  Policy train time: 0.83 mins
  Average return: 0.91694
-------------------
Epoch 540
  Policy steps: 5400
  Experience time: 8.36 mins
  Policy train time: 0.83 mins
  Average return: 0.92112
-------------------
Epoch 550
  Policy steps: 5500
  Experience time: 8.51 mins
  Policy train time: 0.84 mins
  Average return: 0.92677
-------------------
Epoch 560
  Policy steps: 5600
  Experience time: 8.66 mins
  Policy train time: 0.85 mins
  Average return: 0.93200
-------------------
Epoch 570
  Policy steps: 5700
  Experience time: 8.81 mins
  Policy train time: 0.85 mins
  Average return: 0.93558
-------------------
Epoch 580
  Policy steps: 5800
  Experience time: 8.95 mins
  Policy train time: 0.86 mins
  Average return: 0.93691
-------------------
Epoch 590
  Policy steps: 5900
  Experience time: 9.10 mins
  Policy train time: 0.87 mins
  Average return: 0.93109
-------------------
Epoch 600
  Policy steps: 6000
  Experience time: 9.25 mins
  Policy train time: 0.87 mins
  Average return: 0.93962
-------------------
Epoch 610
  Policy steps: 6100
  Experience time: 9.40 mins
  Policy train time: 0.88 mins
  Average return: 0.94203
-------------------
Epoch 620
  Policy steps: 6200
  Experience time: 9.54 mins
  Policy train time: 0.89 mins
  Average return: 0.94391
-------------------
Epoch 630
  Policy steps: 6300
  Experience time: 9.69 mins
  Policy train time: 0.89 mins
  Average return: 0.94891
-------------------
Epoch 640
  Policy steps: 6400
  Experience time: 9.83 mins
  Policy train time: 0.90 mins
  Average return: 0.94941
-------------------
Epoch 650
  Policy steps: 6500
  Experience time: 9.98 mins
  Policy train time: 0.91 mins
  Average return: 0.95337
-------------------
Epoch 660
  Policy steps: 6600
  Experience time: 10.13 mins
  Policy train time: 0.91 mins
  Average return: 0.95197
-------------------
Epoch 670
  Policy steps: 6700
  Experience time: 10.27 mins
  Policy train time: 0.92 mins
  Average return: 0.96064
-------------------
Epoch 680
  Policy steps: 6800
  Experience time: 10.42 mins
  Policy train time: 0.93 mins
  Average return: 0.96092
-------------------
Epoch 690
  Policy steps: 6900
  Experience time: 10.56 mins
  Policy train time: 0.93 mins
  Average return: 0.96234
-------------------
Epoch 700
  Policy steps: 7000
  Experience time: 10.71 mins
  Policy train time: 0.94 mins
  Average return: 0.96336
-------------------
Epoch 710
  Policy steps: 7100
  Experience time: 10.86 mins
  Policy train time: 0.95 mins
  Average return: 0.96796
-------------------
Epoch 720
  Policy steps: 7200
  Experience time: 11.00 mins
  Policy train time: 0.95 mins
  Average return: 0.96911
-------------------
Epoch 730
  Policy steps: 7300
  Experience time: 11.14 mins
  Policy train time: 0.96 mins
  Average return: 0.96890
-------------------
Epoch 740
  Policy steps: 7400
  Experience time: 11.29 mins
  Policy train time: 0.97 mins
  Average return: 0.97036
-------------------
Epoch 750
  Policy steps: 7500
  Experience time: 11.43 mins
  Policy train time: 0.97 mins
  Average return: 0.97155
-------------------
Epoch 760
  Policy steps: 7600
  Experience time: 11.58 mins
  Policy train time: 0.98 mins
  Average return: 0.97543
-------------------
Epoch 770
  Policy steps: 7700
  Experience time: 11.72 mins
  Policy train time: 0.99 mins
  Average return: 0.97416
-------------------
Epoch 780
  Policy steps: 7800
  Experience time: 11.87 mins
  Policy train time: 0.99 mins
  Average return: 0.97398
-------------------
Epoch 790
  Policy steps: 7900
  Experience time: 12.01 mins
  Policy train time: 1.00 mins
  Average return: 0.97539
-------------------
Epoch 800
  Policy steps: 8000
  Experience time: 12.16 mins
  Policy train time: 1.01 mins
  Average return: 0.97925
-------------------
Epoch 810
  Policy steps: 8100
  Experience time: 12.30 mins
  Policy train time: 1.01 mins
  Average return: 0.98057
-------------------
Epoch 820
  Policy steps: 8200
  Experience time: 12.45 mins
  Policy train time: 1.02 mins
  Average return: 0.98505
-------------------
Epoch 830
  Policy steps: 8300
  Experience time: 12.59 mins
  Policy train time: 1.03 mins
  Average return: 0.98655
-------------------
Epoch 840
  Policy steps: 8400
  Experience time: 12.74 mins
  Policy train time: 1.04 mins
  Average return: 0.98449
-------------------
Epoch 850
  Policy steps: 8500
  Experience time: 12.88 mins
  Policy train time: 1.04 mins
  Average return: 0.98852
-------------------
Epoch 860
  Policy steps: 8600
  Experience time: 13.02 mins
  Policy train time: 1.05 mins
  Average return: 0.99108
-------------------
Epoch 870
  Policy steps: 8700
  Experience time: 13.16 mins
  Policy train time: 1.06 mins
  Average return: 0.99212
-------------------
Epoch 880
  Policy steps: 8800
  Experience time: 13.30 mins
  Policy train time: 1.06 mins
  Average return: 0.99143
-------------------
Epoch 890
  Policy steps: 8900
  Experience time: 13.44 mins
  Policy train time: 1.07 mins
  Average return: 0.99289
-------------------
Epoch 900
  Policy steps: 9000
  Experience time: 13.58 mins
  Policy train time: 1.08 mins
  Average return: 0.99384
-------------------
Epoch 910
  Policy steps: 9100
  Experience time: 13.72 mins
  Policy train time: 1.08 mins
  Average return: 0.99616
-------------------
Epoch 920
  Policy steps: 9200
  Experience time: 13.86 mins
  Policy train time: 1.09 mins
  Average return: 0.99635
-------------------
Epoch 930
  Policy steps: 9300
  Experience time: 14.00 mins
  Policy train time: 1.10 mins
  Average return: 0.99777
-------------------
Epoch 940
  Policy steps: 9400
  Experience time: 14.14 mins
  Policy train time: 1.10 mins
  Average return: 0.99754
-------------------
Epoch 950
  Policy steps: 9500
  Experience time: 14.28 mins
  Policy train time: 1.11 mins
  Average return: 0.99639
-------------------
Epoch 960
  Policy steps: 9600
  Experience time: 14.41 mins
  Policy train time: 1.12 mins
  Average return: 0.99673
-------------------
Epoch 970
  Policy steps: 9700
  Experience time: 14.55 mins
  Policy train time: 1.12 mins
  Average return: 0.99952
-------------------
Epoch 980
  Policy steps: 9800
  Experience time: 14.70 mins
  Policy train time: 1.13 mins
  Average return: 0.99972
-------------------
Epoch 990
  Policy steps: 9900
  Experience time: 14.83 mins
  Policy train time: 1.14 mins
  Average return: 0.99948
-------------------
Epoch 1000
  Policy steps: 10000
  Experience time: 14.97 mins
  Policy train time: 1.14 mins
  Average return: 1.00192
-------------------
Epoch 1010
  Policy steps: 10100
  Experience time: 15.11 mins
  Policy train time: 1.15 mins
  Average return: 1.00164
-------------------
Epoch 1020
  Policy steps: 10200
  Experience time: 15.25 mins
  Policy train time: 1.16 mins
  Average return: 1.00263
-------------------
Epoch 1030
  Policy steps: 10300
  Experience time: 15.39 mins
  Policy train time: 1.16 mins
  Average return: 1.00339
-------------------
Epoch 1040
  Policy steps: 10400
  Experience time: 15.53 mins
  Policy train time: 1.17 mins
  Average return: 1.00230
-------------------
Epoch 1050
  Policy steps: 10500
  Experience time: 15.67 mins
  Policy train time: 1.18 mins
  Average return: 1.00533
-------------------
Epoch 1060
  Policy steps: 10600
  Experience time: 15.81 mins
  Policy train time: 1.18 mins
  Average return: 1.00582
-------------------
Epoch 1070
  Policy steps: 10700
  Experience time: 15.94 mins
  Policy train time: 1.19 mins
  Average return: 1.00732
-------------------
Epoch 1080
  Policy steps: 10800
  Experience time: 16.08 mins
  Policy train time: 1.20 mins
  Average return: 1.00810
-------------------
Epoch 1090
  Policy steps: 10900
  Experience time: 16.22 mins
  Policy train time: 1.20 mins
  Average return: 1.00870
-------------------
Epoch 1100
  Policy steps: 11000
  Experience time: 16.36 mins
  Policy train time: 1.21 mins
  Average return: 1.00735
-------------------
Epoch 1110
  Policy steps: 11100
  Experience time: 16.49 mins
  Policy train time: 1.22 mins
  Average return: 1.00800
-------------------
Epoch 1120
  Policy steps: 11200
  Experience time: 16.63 mins
  Policy train time: 1.22 mins
  Average return: 1.00976
-------------------
Epoch 1130
  Policy steps: 11300
  Experience time: 16.77 mins
  Policy train time: 1.23 mins
  Average return: 1.00989
-------------------
Epoch 1140
  Policy steps: 11400
  Experience time: 16.91 mins
  Policy train time: 1.24 mins
  Average return: 1.01071
-------------------
Epoch 1150
  Policy steps: 11500
  Experience time: 17.04 mins
  Policy train time: 1.24 mins
  Average return: 1.01145
-------------------
Epoch 1160
  Policy steps: 11600
  Experience time: 17.18 mins
  Policy train time: 1.25 mins
  Average return: 1.01305
-------------------
Epoch 1170
  Policy steps: 11700
  Experience time: 17.32 mins
  Policy train time: 1.26 mins
  Average return: 1.01050
-------------------
Epoch 1180
  Policy steps: 11800
  Experience time: 17.46 mins
  Policy train time: 1.27 mins
  Average return: 1.01187
-------------------
Epoch 1190
  Policy steps: 11900
  Experience time: 17.60 mins
  Policy train time: 1.27 mins
  Average return: 1.01170
-------------------
Epoch 1200
  Policy steps: 12000
  Experience time: 17.73 mins
  Policy train time: 1.28 mins
  Average return: 1.01165
-------------------
Epoch 1210
  Policy steps: 12100
  Experience time: 17.87 mins
  Policy train time: 1.28 mins
  Average return: 1.01060
-------------------
Epoch 1220
  Policy steps: 12200
  Experience time: 18.01 mins
  Policy train time: 1.29 mins
  Average return: 1.01033
-------------------
Epoch 1230
  Policy steps: 12300
  Experience time: 18.14 mins
  Policy train time: 1.30 mins
  Average return: 1.01109
-------------------
Epoch 1240
  Policy steps: 12400
  Experience time: 18.28 mins
  Policy train time: 1.30 mins
  Average return: 1.00994
-------------------
Epoch 1250
  Policy steps: 12500
  Experience time: 18.42 mins
  Policy train time: 1.31 mins
  Average return: 1.01116
-------------------
Epoch 1260
  Policy steps: 12600
  Experience time: 18.55 mins
  Policy train time: 1.32 mins
  Average return: 1.01049
-------------------
Epoch 1270
  Policy steps: 12700
  Experience time: 18.69 mins
  Policy train time: 1.33 mins
  Average return: 1.01337
-------------------
Epoch 1280
  Policy steps: 12800
  Experience time: 18.83 mins
  Policy train time: 1.33 mins
  Average return: 1.01487
-------------------
Epoch 1290
  Policy steps: 12900
  Experience time: 18.97 mins
  Policy train time: 1.34 mins
  Average return: 1.01505
-------------------
Epoch 1300
  Policy steps: 13000
  Experience time: 19.11 mins
  Policy train time: 1.35 mins
  Average return: 1.01553
-------------------
Epoch 1310
  Policy steps: 13100
  Experience time: 19.25 mins
  Policy train time: 1.35 mins
  Average return: 1.01594
-------------------
Epoch 1320
  Policy steps: 13200
  Experience time: 19.38 mins
  Policy train time: 1.36 mins
  Average return: 1.01591
-------------------
Epoch 1330
  Policy steps: 13300
  Experience time: 19.52 mins
  Policy train time: 1.37 mins
  Average return: 1.01592
-------------------
Epoch 1340
  Policy steps: 13400
  Experience time: 19.66 mins
  Policy train time: 1.37 mins
  Average return: 1.01698
-------------------
Epoch 1350
  Policy steps: 13500
  Experience time: 19.79 mins
  Policy train time: 1.38 mins
  Average return: 1.01713
-------------------
Epoch 1360
  Policy steps: 13600
  Experience time: 19.93 mins
  Policy train time: 1.39 mins
  Average return: 1.01713
-------------------
Epoch 1370
  Policy steps: 13700
  Experience time: 20.07 mins
  Policy train time: 1.39 mins
  Average return: 1.01585
-------------------
Epoch 1380
  Policy steps: 13800
  Experience time: 20.21 mins
  Policy train time: 1.40 mins
  Average return: 1.01752
-------------------
Epoch 1390
  Policy steps: 13900
  Experience time: 20.34 mins
  Policy train time: 1.41 mins
  Average return: 1.01785
-------------------
Epoch 1400
  Policy steps: 14000
  Experience time: 20.48 mins
  Policy train time: 1.42 mins
  Average return: 1.01785
-------------------
Epoch 1410
  Policy steps: 14100
  Experience time: 20.62 mins
  Policy train time: 1.42 mins
  Average return: 1.01871
-------------------
Epoch 1420
  Policy steps: 14200
  Experience time: 20.75 mins
  Policy train time: 1.43 mins
  Average return: 1.01799
-------------------
Epoch 1430
  Policy steps: 14300
  Experience time: 20.89 mins
  Policy train time: 1.44 mins
  Average return: 1.02050
-------------------
Epoch 1440
  Policy steps: 14400
  Experience time: 21.03 mins
  Policy train time: 1.44 mins
  Average return: 1.02053
-------------------
Epoch 1450
  Policy steps: 14500
  Experience time: 21.16 mins
  Policy train time: 1.45 mins
  Average return: 1.02010
-------------------
Epoch 1460
  Policy steps: 14600
  Experience time: 21.30 mins
  Policy train time: 1.46 mins
  Average return: 1.01994
-------------------
Epoch 1470
  Policy steps: 14700
  Experience time: 21.44 mins
  Policy train time: 1.46 mins
  Average return: 1.02032
-------------------
Epoch 1480
  Policy steps: 14800
  Experience time: 21.57 mins
  Policy train time: 1.47 mins
  Average return: 1.02196
-------------------
Epoch 1490
  Policy steps: 14900
  Experience time: 21.71 mins
  Policy train time: 1.48 mins
  Average return: 1.02141
-------------------
Epoch 1500
  Policy steps: 15000
  Experience time: 21.85 mins
  Policy train time: 1.48 mins
  Average return: 1.02127
-------------------
Epoch 1510
  Policy steps: 15100
  Experience time: 21.98 mins
  Policy train time: 1.49 mins
  Average return: 1.02098
-------------------
Epoch 1520
  Policy steps: 15200
  Experience time: 22.12 mins
  Policy train time: 1.50 mins
  Average return: 1.02128
-------------------
Epoch 1530
  Policy steps: 15300
  Experience time: 22.25 mins
  Policy train time: 1.50 mins
  Average return: 1.02184
-------------------
Epoch 1540
  Policy steps: 15400
  Experience time: 22.39 mins
  Policy train time: 1.51 mins
  Average return: 1.02077
-------------------
Epoch 1550
  Policy steps: 15500
  Experience time: 22.53 mins
  Policy train time: 1.52 mins
  Average return: 1.02229
-------------------
Epoch 1560
  Policy steps: 15600
  Experience time: 22.66 mins
  Policy train time: 1.52 mins
  Average return: 1.02188
-------------------
Epoch 1570
  Policy steps: 15700
  Experience time: 22.80 mins
  Policy train time: 1.53 mins
  Average return: 1.02273
-------------------
Epoch 1580
  Policy steps: 15800
  Experience time: 22.93 mins
  Policy train time: 1.54 mins
  Average return: 1.02299
-------------------
Epoch 1590
  Policy steps: 15900
  Experience time: 23.07 mins
  Policy train time: 1.54 mins
  Average return: 1.02300
-------------------
Epoch 1600
  Policy steps: 16000
  Experience time: 23.21 mins
  Policy train time: 1.55 mins
  Average return: 1.02299
-------------------
Epoch 1610
  Policy steps: 16100
  Experience time: 23.34 mins
  Policy train time: 1.56 mins
  Average return: 1.02367
-------------------
Epoch 1620
  Policy steps: 16200
  Experience time: 23.48 mins
  Policy train time: 1.56 mins
  Average return: 1.02311
-------------------
Epoch 1630
  Policy steps: 16300
  Experience time: 23.61 mins
  Policy train time: 1.57 mins
  Average return: 1.02346
-------------------
Epoch 1640
  Policy steps: 16400
  Experience time: 23.75 mins
  Policy train time: 1.58 mins
  Average return: 1.02342
-------------------
Epoch 1650
  Policy steps: 16500
  Experience time: 23.88 mins
  Policy train time: 1.59 mins
  Average return: 1.02399
-------------------
Epoch 1660
  Policy steps: 16600
  Experience time: 24.01 mins
  Policy train time: 1.59 mins
  Average return: 1.02292
-------------------
Epoch 1670
  Policy steps: 16700
  Experience time: 24.15 mins
  Policy train time: 1.60 mins
  Average return: 1.02354
-------------------
Epoch 1680
  Policy steps: 16800
  Experience time: 24.29 mins
  Policy train time: 1.61 mins
  Average return: 1.02400
-------------------
Epoch 1690
  Policy steps: 16900
  Experience time: 24.42 mins
  Policy train time: 1.61 mins
  Average return: 1.02458
-------------------
Epoch 1700
  Policy steps: 17000
  Experience time: 24.56 mins
  Policy train time: 1.62 mins
  Average return: 1.02477
-------------------
Epoch 1710
  Policy steps: 17100
  Experience time: 24.69 mins
  Policy train time: 1.63 mins
  Average return: 1.02514
-------------------
Epoch 1720
  Policy steps: 17200
  Experience time: 24.83 mins
  Policy train time: 1.63 mins
  Average return: 1.02497
-------------------
Epoch 1730
  Policy steps: 17300
  Experience time: 24.96 mins
  Policy train time: 1.64 mins
  Average return: 1.02552
-------------------
Epoch 1740
  Policy steps: 17400
  Experience time: 25.10 mins
  Policy train time: 1.65 mins
  Average return: 1.02499
-------------------
Epoch 1750
  Policy steps: 17500
  Experience time: 25.23 mins
  Policy train time: 1.65 mins
  Average return: 1.02575
-------------------
Epoch 1760
  Policy steps: 17600
  Experience time: 25.37 mins
  Policy train time: 1.66 mins
  Average return: 1.02565
-------------------
Epoch 1770
  Policy steps: 17700
  Experience time: 25.50 mins
  Policy train time: 1.67 mins
  Average return: 1.02438
-------------------
Epoch 1780
  Policy steps: 17800
  Experience time: 25.64 mins
  Policy train time: 1.67 mins
  Average return: 1.02494
-------------------
Epoch 1790
  Policy steps: 17900
  Experience time: 25.77 mins
  Policy train time: 1.68 mins
  Average return: 1.02553
-------------------
Epoch 1800
  Policy steps: 18000
  Experience time: 25.91 mins
  Policy train time: 1.69 mins
  Average return: 1.02546
-------------------
Epoch 1810
  Policy steps: 18100
  Experience time: 26.04 mins
  Policy train time: 1.69 mins
  Average return: 1.02511
-------------------
Epoch 1820
  Policy steps: 18200
  Experience time: 26.18 mins
  Policy train time: 1.70 mins
  Average return: 1.02589
-------------------
Epoch 1830
  Policy steps: 18300
  Experience time: 26.31 mins
  Policy train time: 1.71 mins
  Average return: 1.02523
-------------------
Epoch 1840
  Policy steps: 18400
  Experience time: 26.45 mins
  Policy train time: 1.71 mins
  Average return: 1.02573
-------------------
Epoch 1850
  Policy steps: 18500
  Experience time: 26.58 mins
  Policy train time: 1.72 mins
  Average return: 1.02612
-------------------
Epoch 1860
  Policy steps: 18600
  Experience time: 26.71 mins
  Policy train time: 1.73 mins
  Average return: 1.02592
-------------------
Epoch 1870
  Policy steps: 18700
  Experience time: 26.84 mins
  Policy train time: 1.73 mins
  Average return: 1.02642
-------------------
Epoch 1880
  Policy steps: 18800
  Experience time: 26.97 mins
  Policy train time: 1.74 mins
  Average return: 1.02659
-------------------
Epoch 1890
  Policy steps: 18900
  Experience time: 27.11 mins
  Policy train time: 1.75 mins
  Average return: 1.02661
-------------------
Epoch 1900
  Policy steps: 19000
  Experience time: 27.24 mins
  Policy train time: 1.76 mins
  Average return: 1.02653
-------------------
Epoch 1910
  Policy steps: 19100
  Experience time: 27.38 mins
  Policy train time: 1.76 mins
  Average return: 1.02726
-------------------
Epoch 1920
  Policy steps: 19200
  Experience time: 27.51 mins
  Policy train time: 1.77 mins
  Average return: 1.02718
-------------------
Epoch 1930
  Policy steps: 19300
  Experience time: 27.64 mins
  Policy train time: 1.78 mins
  Average return: 1.02710
-------------------
Epoch 1940
  Policy steps: 19400
  Experience time: 27.77 mins
  Policy train time: 1.78 mins
  Average return: 1.02634
-------------------
Epoch 1950
  Policy steps: 19500
  Experience time: 27.90 mins
  Policy train time: 1.79 mins
  Average return: 1.02692
-------------------
Epoch 1960
  Policy steps: 19600
  Experience time: 28.04 mins
  Policy train time: 1.80 mins
  Average return: 1.02705
-------------------
Epoch 1970
  Policy steps: 19700
  Experience time: 28.17 mins
  Policy train time: 1.80 mins
  Average return: 1.02643
-------------------
Epoch 1980
  Policy steps: 19800
  Experience time: 28.30 mins
  Policy train time: 1.81 mins
  Average return: 1.02752
-------------------
Epoch 1990
  Policy steps: 19900
  Experience time: 28.44 mins
  Policy train time: 1.82 mins
  Average return: 1.02735
-------------------
Epoch 2000
  Policy steps: 20000
  Experience time: 28.57 mins
  Policy train time: 1.82 mins
  Average return: 1.02676
