+ source /scratch/mu61/yl8164/qcrl_envs/venv_tf/bin/activate
++ deactivate nondestructive
++ '[' -n '' ']'
++ '[' -n '' ']'
++ hash -r
++ '[' -n '' ']'
++ unset VIRTUAL_ENV
++ unset VIRTUAL_ENV_PROMPT
++ '[' '!' nondestructive = nondestructive ']'
++ VIRTUAL_ENV=/scratch/mu61/yl8164/qcrl_envs/venv_tf
++ export VIRTUAL_ENV
++ _OLD_VIRTUAL_PATH=/apps/cuda/12.2.2/bin:/apps/python3/3.11.7/bin:/opt/pbs/default/bin:/opt/nci/bin:/opt/bin:/opt/Modules/v4.3.0/bin:/bin:/usr/bin:/usr/local/sbin:/usr/sbin:/local/pbs/bin
++ PATH=/scratch/mu61/yl8164/qcrl_envs/venv_tf/bin:/apps/cuda/12.2.2/bin:/apps/python3/3.11.7/bin:/opt/pbs/default/bin:/opt/nci/bin:/opt/bin:/opt/Modules/v4.3.0/bin:/bin:/usr/bin:/usr/local/sbin:/usr/sbin:/local/pbs/bin
++ export PATH
++ '[' -n '' ']'
++ '[' -z '' ']'
++ _OLD_VIRTUAL_PS1=
++ PS1='(venv_tf) '
++ export PS1
++ VIRTUAL_ENV_PROMPT='(venv_tf) '
++ export VIRTUAL_ENV_PROMPT
++ hash -r
+ python trapped_ion_binomial_training_server.py
2026-02-20 21:46:43.910071: I tensorflow/core/util/port.cc:113] oneDNN custom operations are on. You may see slightly different numerical results due to floating-point round-off errors from different computation orders. To turn them off, set the environment variable `TF_ENABLE_ONEDNN_OPTS=0`.
2026-02-20 21:46:44.189053: E external/local_xla/xla/stream_executor/cuda/cuda_dnn.cc:9261] Unable to register cuDNN factory: Attempting to register factory for plugin cuDNN when one has already been registered
2026-02-20 21:46:44.189102: E external/local_xla/xla/stream_executor/cuda/cuda_fft.cc:607] Unable to register cuFFT factory: Attempting to register factory for plugin cuFFT when one has already been registered
2026-02-20 21:46:44.226272: E external/local_xla/xla/stream_executor/cuda/cuda_blas.cc:1515] Unable to register cuBLAS factory: Attempting to register factory for plugin cuBLAS when one has already been registered
2026-02-20 21:46:44.335168: I tensorflow/core/platform/cpu_feature_guard.cc:182] This TensorFlow binary is optimized to use available CPU instructions in performance-critical operations.
To enable the following instructions: AVX2 AVX512F AVX512_VNNI FMA, in other operations, rebuild TensorFlow with the appropriate compiler flags.
2026-02-20 21:46:47.151885: W tensorflow/compiler/tf2tensorrt/utils/py_utils.cc:38] TF-TRT Warning: Could not find TensorRT
Gym has been unmaintained since 2022 and does not support NumPy 2.0 amongst other critical functionality.
Please upgrade to Gymnasium, the maintained drop-in replacement of Gym, or contact the authors of your software and request that they upgrade.
See the migration guide at https://gymnasium.farama.org/introduction/migration_guide/ for additional information.
02/20/2026 09:47:08 Connection with: ('127.0.0.1', 36204)
2026-02-20 21:47:09.379630: W tensorflow/core/common_runtime/gpu/gpu_bfc_allocator.cc:47] Overriding orig_value setting because the TF_FORCE_GPU_ALLOW_GROWTH environment variable is set. Original config value was 0.
2026-02-20 21:47:09.379841: I tensorflow/core/common_runtime/gpu/gpu_device.cc:1929] Created device /job:localhost/replica:0/task:0/device:GPU:0 with 6444 MB memory:  -> device: 0, name: Tesla V100-SXM2-32GB, pci bus id: 0000:3e:00.0, compute capability: 7.0
02/20/2026 09:47:11 Only tf.keras.optimizers.Optimiers are well supported, got a non-TF2 optimizer: <tensorflow.python.training.adam.AdamOptimizer object at 0x14d2a3989f10>
-------------------
Epoch 0
  Policy steps: 0
  Experience time: 0.00 mins
  Policy train time: 0.00 mins
  Average return: 0.01281
WARNING:tensorflow:From /scratch/mu61/yl8164/quantum_control_rl_server/quantum_control_rl_server/PPO.py:231: ReplayBuffer.gather_all (from tf_agents.replay_buffers.replay_buffer) is deprecated and will be removed in a future version.
Instructions for updating:
Use `as_dataset(..., single_deterministic_pass=True)` instead.
02/20/2026 09:48:10 From /scratch/mu61/yl8164/quantum_control_rl_server/quantum_control_rl_server/PPO.py:231: ReplayBuffer.gather_all (from tf_agents.replay_buffers.replay_buffer) is deprecated and will be removed in a future version.
Instructions for updating:
Use `as_dataset(..., single_deterministic_pass=True)` instead.
-------------------
Epoch 10
  Policy steps: 100
  Experience time: 0.39 mins
  Policy train time: 0.46 mins
  Average return: 0.03791
-------------------
Epoch 20
  Policy steps: 200
  Experience time: 0.56 mins
  Policy train time: 0.47 mins
  Average return: 0.03722
-------------------
Epoch 30
  Policy steps: 300
  Experience time: 0.73 mins
  Policy train time: 0.48 mins
  Average return: 0.03466
-------------------
Epoch 40
  Policy steps: 400
  Experience time: 0.90 mins
  Policy train time: 0.48 mins
  Average return: 0.03725
-------------------
Epoch 50
  Policy steps: 500
  Experience time: 1.07 mins
  Policy train time: 0.49 mins
  Average return: 0.03336
-------------------
Epoch 60
  Policy steps: 600
  Experience time: 1.24 mins
  Policy train time: 0.50 mins
  Average return: 0.03547
-------------------
Epoch 70
  Policy steps: 700
  Experience time: 1.41 mins
  Policy train time: 0.50 mins
  Average return: 0.03791
-------------------
Epoch 80
  Policy steps: 800
  Experience time: 1.58 mins
  Policy train time: 0.51 mins
  Average return: 0.03480
-------------------
Epoch 90
  Policy steps: 900
  Experience time: 1.75 mins
  Policy train time: 0.52 mins
  Average return: 0.04394
-------------------
Epoch 100
  Policy steps: 1000
  Experience time: 1.93 mins
  Policy train time: 0.52 mins
  Average return: 0.03944
-------------------
Epoch 110
  Policy steps: 1100
  Experience time: 2.10 mins
  Policy train time: 0.53 mins
  Average return: 0.04427
-------------------
Epoch 120
  Policy steps: 1200
  Experience time: 2.27 mins
  Policy train time: 0.54 mins
  Average return: 0.04342
-------------------
Epoch 130
  Policy steps: 1300
  Experience time: 2.44 mins
  Policy train time: 0.55 mins
  Average return: 0.04574
-------------------
Epoch 140
  Policy steps: 1400
  Experience time: 2.60 mins
  Policy train time: 0.55 mins
  Average return: 0.06339
-------------------
Epoch 150
  Policy steps: 1500
  Experience time: 2.77 mins
  Policy train time: 0.56 mins
  Average return: 0.05641
-------------------
Epoch 160
  Policy steps: 1600
  Experience time: 2.94 mins
  Policy train time: 0.56 mins
  Average return: 0.05986
-------------------
Epoch 170
  Policy steps: 1700
  Experience time: 3.11 mins
  Policy train time: 0.57 mins
  Average return: 0.06160
-------------------
Epoch 180
  Policy steps: 1800
  Experience time: 3.28 mins
  Policy train time: 0.58 mins
  Average return: 0.07254
-------------------
Epoch 190
  Policy steps: 1900
  Experience time: 3.46 mins
  Policy train time: 0.58 mins
  Average return: 0.07461
-------------------
Epoch 200
  Policy steps: 2000
  Experience time: 3.63 mins
  Policy train time: 0.59 mins
  Average return: 0.08563
-------------------
Epoch 210
  Policy steps: 2100
  Experience time: 3.80 mins
  Policy train time: 0.60 mins
  Average return: 0.09463
-------------------
Epoch 220
  Policy steps: 2200
  Experience time: 3.98 mins
  Policy train time: 0.60 mins
  Average return: 0.10254
-------------------
Epoch 230
  Policy steps: 2300
  Experience time: 4.15 mins
  Policy train time: 0.61 mins
  Average return: 0.11227
-------------------
Epoch 240
  Policy steps: 2400
  Experience time: 4.32 mins
  Policy train time: 0.62 mins
  Average return: 0.10382
-------------------
Epoch 250
  Policy steps: 2500
  Experience time: 4.49 mins
  Policy train time: 0.62 mins
  Average return: 0.12653
-------------------
Epoch 260
  Policy steps: 2600
  Experience time: 4.66 mins
  Policy train time: 0.63 mins
  Average return: 0.13001
-------------------
Epoch 270
  Policy steps: 2700
  Experience time: 4.84 mins
  Policy train time: 0.64 mins
  Average return: 0.15306
-------------------
Epoch 280
  Policy steps: 2800
  Experience time: 5.01 mins
  Policy train time: 0.64 mins
  Average return: 0.17086
-------------------
Epoch 290
  Policy steps: 2900
  Experience time: 5.18 mins
  Policy train time: 0.65 mins
  Average return: 0.17484
-------------------
Epoch 300
  Policy steps: 3000
  Experience time: 5.35 mins
  Policy train time: 0.66 mins
  Average return: 0.19433
-------------------
Epoch 310
  Policy steps: 3100
  Experience time: 5.52 mins
  Policy train time: 0.66 mins
  Average return: 0.19734
-------------------
Epoch 320
  Policy steps: 3200
  Experience time: 5.69 mins
  Policy train time: 0.67 mins
  Average return: 0.20978
-------------------
Epoch 330
  Policy steps: 3300
  Experience time: 5.86 mins
  Policy train time: 0.68 mins
  Average return: 0.22920
-------------------
Epoch 340
  Policy steps: 3400
  Experience time: 6.03 mins
  Policy train time: 0.68 mins
  Average return: 0.23373
-------------------
Epoch 350
  Policy steps: 3500
  Experience time: 6.21 mins
  Policy train time: 0.69 mins
  Average return: 0.25469
-------------------
Epoch 360
  Policy steps: 3600
  Experience time: 6.38 mins
  Policy train time: 0.70 mins
  Average return: 0.28392
-------------------
Epoch 370
  Policy steps: 3700
  Experience time: 6.55 mins
  Policy train time: 0.70 mins
  Average return: 0.28470
-------------------
Epoch 380
  Policy steps: 3800
  Experience time: 6.72 mins
  Policy train time: 0.71 mins
  Average return: 0.29051
-------------------
Epoch 390
  Policy steps: 3900
  Experience time: 6.88 mins
  Policy train time: 0.72 mins
  Average return: 0.31574
-------------------
Epoch 400
  Policy steps: 4000
  Experience time: 7.06 mins
  Policy train time: 0.72 mins
  Average return: 0.30170
-------------------
Epoch 410
  Policy steps: 4100
  Experience time: 7.22 mins
  Policy train time: 0.73 mins
  Average return: 0.35969
-------------------
Epoch 420
  Policy steps: 4200
  Experience time: 7.39 mins
  Policy train time: 0.74 mins
  Average return: 0.33844
-------------------
Epoch 430
  Policy steps: 4300
  Experience time: 7.56 mins
  Policy train time: 0.74 mins
  Average return: 0.33916
-------------------
Epoch 440
  Policy steps: 4400
  Experience time: 7.73 mins
  Policy train time: 0.75 mins
  Average return: 0.36724
-------------------
Epoch 450
  Policy steps: 4500
  Experience time: 7.90 mins
  Policy train time: 0.76 mins
  Average return: 0.39930
-------------------
Epoch 460
  Policy steps: 4600
  Experience time: 8.06 mins
  Policy train time: 0.76 mins
  Average return: 0.36840
-------------------
Epoch 470
  Policy steps: 4700
  Experience time: 8.23 mins
  Policy train time: 0.77 mins
  Average return: 0.39134
-------------------
Epoch 480
  Policy steps: 4800
  Experience time: 8.39 mins
  Policy train time: 0.78 mins
  Average return: 0.39783
-------------------
Epoch 490
  Policy steps: 4900
  Experience time: 8.56 mins
  Policy train time: 0.78 mins
  Average return: 0.38962
-------------------
Epoch 500
  Policy steps: 5000
  Experience time: 8.72 mins
  Policy train time: 0.79 mins
  Average return: 0.40567
-------------------
Epoch 510
  Policy steps: 5100
  Experience time: 8.89 mins
  Policy train time: 0.80 mins
  Average return: 0.45726
-------------------
Epoch 520
  Policy steps: 5200
  Experience time: 9.05 mins
  Policy train time: 0.81 mins
  Average return: 0.39333
-------------------
Epoch 530
  Policy steps: 5300
  Experience time: 9.21 mins
  Policy train time: 0.81 mins
  Average return: 0.45200
-------------------
Epoch 540
  Policy steps: 5400
  Experience time: 9.38 mins
  Policy train time: 0.82 mins
  Average return: 0.44425
-------------------
Epoch 550
  Policy steps: 5500
  Experience time: 9.54 mins
  Policy train time: 0.83 mins
  Average return: 0.47826
-------------------
Epoch 560
  Policy steps: 5600
  Experience time: 9.70 mins
  Policy train time: 0.83 mins
  Average return: 0.47795
-------------------
Epoch 570
  Policy steps: 5700
  Experience time: 9.86 mins
  Policy train time: 0.84 mins
  Average return: 0.53602
-------------------
Epoch 580
  Policy steps: 5800
  Experience time: 10.02 mins
  Policy train time: 0.85 mins
  Average return: 0.49485
-------------------
Epoch 590
  Policy steps: 5900
  Experience time: 10.18 mins
  Policy train time: 0.85 mins
  Average return: 0.44681
-------------------
Epoch 600
  Policy steps: 6000
  Experience time: 10.33 mins
  Policy train time: 0.86 mins
  Average return: 0.43971
-------------------
Epoch 610
  Policy steps: 6100
  Experience time: 10.49 mins
  Policy train time: 0.87 mins
  Average return: 0.55928
-------------------
Epoch 620
  Policy steps: 6200
  Experience time: 10.65 mins
  Policy train time: 0.87 mins
  Average return: 0.54849
-------------------
Epoch 630
  Policy steps: 6300
  Experience time: 10.81 mins
  Policy train time: 0.88 mins
  Average return: 0.58398
-------------------
Epoch 640
  Policy steps: 6400
  Experience time: 10.97 mins
  Policy train time: 0.89 mins
  Average return: 0.54494
-------------------
Epoch 650
  Policy steps: 6500
  Experience time: 11.12 mins
  Policy train time: 0.90 mins
  Average return: 0.49712
-------------------
Epoch 660
  Policy steps: 6600
  Experience time: 11.28 mins
  Policy train time: 0.90 mins
  Average return: 0.63335
-------------------
Epoch 670
  Policy steps: 6700
  Experience time: 11.44 mins
  Policy train time: 0.91 mins
  Average return: 0.58116
-------------------
Epoch 680
  Policy steps: 6800
  Experience time: 11.60 mins
  Policy train time: 0.92 mins
  Average return: 0.63380
-------------------
Epoch 690
  Policy steps: 6900
  Experience time: 11.76 mins
  Policy train time: 0.92 mins
  Average return: 0.69028
-------------------
Epoch 700
  Policy steps: 7000
  Experience time: 11.91 mins
  Policy train time: 0.93 mins
  Average return: 0.59637
-------------------
Epoch 710
  Policy steps: 7100
  Experience time: 12.07 mins
  Policy train time: 0.94 mins
  Average return: 0.66241
-------------------
Epoch 720
  Policy steps: 7200
  Experience time: 12.23 mins
  Policy train time: 0.94 mins
  Average return: 0.63096
-------------------
Epoch 730
  Policy steps: 7300
  Experience time: 12.39 mins
  Policy train time: 0.95 mins
  Average return: 0.60827
-------------------
Epoch 740
  Policy steps: 7400
  Experience time: 12.55 mins
  Policy train time: 0.96 mins
  Average return: 0.71373
-------------------
Epoch 750
  Policy steps: 7500
  Experience time: 12.71 mins
  Policy train time: 0.97 mins
  Average return: 0.66970
-------------------
Epoch 760
  Policy steps: 7600
  Experience time: 12.86 mins
  Policy train time: 0.97 mins
  Average return: 0.65100
-------------------
Epoch 770
  Policy steps: 7700
  Experience time: 13.02 mins
  Policy train time: 0.98 mins
  Average return: 0.75058
-------------------
Epoch 780
  Policy steps: 7800
  Experience time: 13.18 mins
  Policy train time: 0.99 mins
  Average return: 0.77573
-------------------
Epoch 790
  Policy steps: 7900
  Experience time: 13.34 mins
  Policy train time: 0.99 mins
  Average return: 0.65620
-------------------
Epoch 800
  Policy steps: 8000
  Experience time: 13.50 mins
  Policy train time: 1.00 mins
  Average return: 0.69251
-------------------
Epoch 810
  Policy steps: 8100
  Experience time: 13.66 mins
  Policy train time: 1.01 mins
  Average return: 0.72044
-------------------
Epoch 820
  Policy steps: 8200
  Experience time: 13.82 mins
  Policy train time: 1.01 mins
  Average return: 0.71301
-------------------
Epoch 830
  Policy steps: 8300
  Experience time: 13.98 mins
  Policy train time: 1.02 mins
  Average return: 0.78062
-------------------
Epoch 840
  Policy steps: 8400
  Experience time: 14.14 mins
  Policy train time: 1.03 mins
  Average return: 0.74405
-------------------
Epoch 850
  Policy steps: 8500
  Experience time: 14.30 mins
  Policy train time: 1.03 mins
  Average return: 0.77389
-------------------
Epoch 860
  Policy steps: 8600
  Experience time: 14.46 mins
  Policy train time: 1.04 mins
  Average return: 0.74453
-------------------
Epoch 870
  Policy steps: 8700
  Experience time: 14.62 mins
  Policy train time: 1.05 mins
  Average return: 0.73733
-------------------
Epoch 880
  Policy steps: 8800
  Experience time: 14.78 mins
  Policy train time: 1.06 mins
  Average return: 0.73824
-------------------
Epoch 890
  Policy steps: 8900
  Experience time: 14.93 mins
  Policy train time: 1.06 mins
  Average return: 0.72468
-------------------
Epoch 900
  Policy steps: 9000
  Experience time: 15.09 mins
  Policy train time: 1.07 mins
  Average return: 0.73487
-------------------
Epoch 910
  Policy steps: 9100
  Experience time: 15.26 mins
  Policy train time: 1.08 mins
  Average return: 0.74156
-------------------
Epoch 920
  Policy steps: 9200
  Experience time: 15.42 mins
  Policy train time: 1.08 mins
  Average return: 0.66909
-------------------
Epoch 930
  Policy steps: 9300
  Experience time: 15.58 mins
  Policy train time: 1.09 mins
  Average return: 0.70943
-------------------
Epoch 940
  Policy steps: 9400
  Experience time: 15.74 mins
  Policy train time: 1.10 mins
  Average return: 0.73136
-------------------
Epoch 950
  Policy steps: 9500
  Experience time: 15.90 mins
  Policy train time: 1.10 mins
  Average return: 0.79090
-------------------
Epoch 960
  Policy steps: 9600
  Experience time: 16.05 mins
  Policy train time: 1.11 mins
  Average return: 0.74595
-------------------
Epoch 970
  Policy steps: 9700
  Experience time: 16.22 mins
  Policy train time: 1.12 mins
  Average return: 0.73478
-------------------
Epoch 980
  Policy steps: 9800
  Experience time: 16.38 mins
  Policy train time: 1.12 mins
  Average return: 0.74824
-------------------
Epoch 990
  Policy steps: 9900
  Experience time: 16.54 mins
  Policy train time: 1.13 mins
  Average return: 0.81136
-------------------
Epoch 1000
  Policy steps: 10000
  Experience time: 16.70 mins
  Policy train time: 1.14 mins
  Average return: 0.74265
-------------------
Epoch 1010
  Policy steps: 10100
  Experience time: 16.86 mins
  Policy train time: 1.14 mins
  Average return: 0.79005
-------------------
Epoch 1020
  Policy steps: 10200
  Experience time: 17.02 mins
  Policy train time: 1.15 mins
  Average return: 0.79311
-------------------
Epoch 1030
  Policy steps: 10300
  Experience time: 17.18 mins
  Policy train time: 1.16 mins
  Average return: 0.79548
-------------------
Epoch 1040
  Policy steps: 10400
  Experience time: 17.33 mins
  Policy train time: 1.17 mins
  Average return: 0.80104
-------------------
Epoch 1050
  Policy steps: 10500
  Experience time: 17.50 mins
  Policy train time: 1.17 mins
  Average return: 0.80630
-------------------
Epoch 1060
  Policy steps: 10600
  Experience time: 17.66 mins
  Policy train time: 1.18 mins
  Average return: 0.75739
-------------------
Epoch 1070
  Policy steps: 10700
  Experience time: 17.82 mins
  Policy train time: 1.19 mins
  Average return: 0.78875
-------------------
Epoch 1080
  Policy steps: 10800
  Experience time: 17.98 mins
  Policy train time: 1.19 mins
  Average return: 0.82877
-------------------
Epoch 1090
  Policy steps: 10900
  Experience time: 18.14 mins
  Policy train time: 1.20 mins
  Average return: 0.81418
-------------------
Epoch 1100
  Policy steps: 11000
  Experience time: 18.30 mins
  Policy train time: 1.21 mins
  Average return: 0.82559
-------------------
Epoch 1110
  Policy steps: 11100
  Experience time: 18.46 mins
  Policy train time: 1.21 mins
  Average return: 0.82304
-------------------
Epoch 1120
  Policy steps: 11200
  Experience time: 18.62 mins
  Policy train time: 1.22 mins
  Average return: 0.78727
-------------------
Epoch 1130
  Policy steps: 11300
  Experience time: 18.78 mins
  Policy train time: 1.23 mins
  Average return: 0.82431
-------------------
Epoch 1140
  Policy steps: 11400
  Experience time: 18.94 mins
  Policy train time: 1.23 mins
  Average return: 0.82687
-------------------
Epoch 1150
  Policy steps: 11500
  Experience time: 19.10 mins
  Policy train time: 1.24 mins
  Average return: 0.83035
-------------------
Epoch 1160
  Policy steps: 11600
  Experience time: 19.25 mins
  Policy train time: 1.25 mins
  Average return: 0.85063
-------------------
Epoch 1170
  Policy steps: 11700
  Experience time: 19.41 mins
  Policy train time: 1.26 mins
  Average return: 0.86484
-------------------
Epoch 1180
  Policy steps: 11800
  Experience time: 19.57 mins
  Policy train time: 1.26 mins
  Average return: 0.81063
-------------------
Epoch 1190
  Policy steps: 11900
  Experience time: 19.73 mins
  Policy train time: 1.27 mins
  Average return: 0.80752
-------------------
Epoch 1200
  Policy steps: 12000
  Experience time: 19.88 mins
  Policy train time: 1.28 mins
  Average return: 0.83896
-------------------
Epoch 1210
  Policy steps: 12100
  Experience time: 20.04 mins
  Policy train time: 1.28 mins
  Average return: 0.87145
-------------------
Epoch 1220
  Policy steps: 12200
  Experience time: 20.20 mins
  Policy train time: 1.29 mins
  Average return: 0.83648
-------------------
Epoch 1230
  Policy steps: 12300
  Experience time: 20.35 mins
  Policy train time: 1.30 mins
  Average return: 0.84253
-------------------
Epoch 1240
  Policy steps: 12400
  Experience time: 20.51 mins
  Policy train time: 1.30 mins
  Average return: 0.86191
-------------------
Epoch 1250
  Policy steps: 12500
  Experience time: 20.66 mins
  Policy train time: 1.31 mins
  Average return: 0.86671
-------------------
Epoch 1260
  Policy steps: 12600
  Experience time: 20.82 mins
  Policy train time: 1.32 mins
  Average return: 0.80701
-------------------
Epoch 1270
  Policy steps: 12700
  Experience time: 20.98 mins
  Policy train time: 1.32 mins
  Average return: 0.85450
-------------------
Epoch 1280
  Policy steps: 12800
  Experience time: 21.14 mins
  Policy train time: 1.33 mins
  Average return: 0.89394
-------------------
Epoch 1290
  Policy steps: 12900
  Experience time: 21.30 mins
  Policy train time: 1.34 mins
  Average return: 0.86441
-------------------
Epoch 1300
  Policy steps: 13000
  Experience time: 21.46 mins
  Policy train time: 1.35 mins
  Average return: 0.86498
-------------------
Epoch 1310
  Policy steps: 13100
  Experience time: 21.62 mins
  Policy train time: 1.35 mins
  Average return: 0.87040
-------------------
Epoch 1320
  Policy steps: 13200
  Experience time: 21.77 mins
  Policy train time: 1.36 mins
  Average return: 0.86289
-------------------
Epoch 1330
  Policy steps: 13300
  Experience time: 21.93 mins
  Policy train time: 1.37 mins
  Average return: 0.91911
-------------------
Epoch 1340
  Policy steps: 13400
  Experience time: 22.08 mins
  Policy train time: 1.37 mins
  Average return: 0.91046
-------------------
Epoch 1350
  Policy steps: 13500
  Experience time: 22.24 mins
  Policy train time: 1.38 mins
  Average return: 0.87976
-------------------
Epoch 1360
  Policy steps: 13600
  Experience time: 22.40 mins
  Policy train time: 1.39 mins
  Average return: 0.86119
-------------------
Epoch 1370
  Policy steps: 13700
  Experience time: 22.55 mins
  Policy train time: 1.39 mins
  Average return: 0.91367
-------------------
Epoch 1380
  Policy steps: 13800
  Experience time: 22.73 mins
  Policy train time: 1.41 mins
  Average return: 0.90075
-------------------
Epoch 1390
  Policy steps: 13900
  Experience time: 22.89 mins
  Policy train time: 1.41 mins
  Average return: 0.85566
-------------------
Epoch 1400
  Policy steps: 14000
  Experience time: 23.04 mins
  Policy train time: 1.42 mins
  Average return: 0.89837
-------------------
Epoch 1410
  Policy steps: 14100
  Experience time: 23.20 mins
  Policy train time: 1.42 mins
  Average return: 0.89343
-------------------
Epoch 1420
  Policy steps: 14200
  Experience time: 23.36 mins
  Policy train time: 1.43 mins
  Average return: 0.90469
-------------------
Epoch 1430
  Policy steps: 14300
  Experience time: 23.51 mins
  Policy train time: 1.44 mins
  Average return: 0.90187
-------------------
Epoch 1440
  Policy steps: 14400
  Experience time: 23.67 mins
  Policy train time: 1.44 mins
  Average return: 0.88202
-------------------
Epoch 1450
  Policy steps: 14500
  Experience time: 23.83 mins
  Policy train time: 1.45 mins
  Average return: 0.89965
-------------------
Epoch 1460
  Policy steps: 14600
  Experience time: 23.98 mins
  Policy train time: 1.46 mins
  Average return: 0.87886
-------------------
Epoch 1470
  Policy steps: 14700
  Experience time: 24.14 mins
  Policy train time: 1.47 mins
  Average return: 0.90735
-------------------
Epoch 1480
  Policy steps: 14800
  Experience time: 24.30 mins
  Policy train time: 1.47 mins
  Average return: 0.92212
-------------------
Epoch 1490
  Policy steps: 14900
  Experience time: 24.46 mins
  Policy train time: 1.48 mins
  Average return: 0.91482
-------------------
Epoch 1500
  Policy steps: 15000
  Experience time: 24.62 mins
  Policy train time: 1.49 mins
  Average return: 0.92186
-------------------
Epoch 1510
  Policy steps: 15100
  Experience time: 24.77 mins
  Policy train time: 1.49 mins
  Average return: 0.90343
-------------------
Epoch 1520
  Policy steps: 15200
  Experience time: 24.93 mins
  Policy train time: 1.50 mins
  Average return: 0.91913
-------------------
Epoch 1530
  Policy steps: 15300
  Experience time: 25.08 mins
  Policy train time: 1.51 mins
  Average return: 0.90230
-------------------
Epoch 1540
  Policy steps: 15400
  Experience time: 25.24 mins
  Policy train time: 1.51 mins
  Average return: 0.90862
-------------------
Epoch 1550
  Policy steps: 15500
  Experience time: 25.39 mins
  Policy train time: 1.52 mins
  Average return: 0.92662
-------------------
Epoch 1560
  Policy steps: 15600
  Experience time: 25.55 mins
  Policy train time: 1.53 mins
  Average return: 0.88519
-------------------
Epoch 1570
  Policy steps: 15700
  Experience time: 25.71 mins
  Policy train time: 1.53 mins
  Average return: 0.89666
-------------------
Epoch 1580
  Policy steps: 15800
  Experience time: 25.86 mins
  Policy train time: 1.54 mins
  Average return: 0.91326
-------------------
Epoch 1590
  Policy steps: 15900
  Experience time: 26.02 mins
  Policy train time: 1.55 mins
  Average return: 0.89250
-------------------
Epoch 1600
  Policy steps: 16000
  Experience time: 26.17 mins
  Policy train time: 1.55 mins
  Average return: 0.92670
-------------------
Epoch 1610
  Policy steps: 16100
  Experience time: 26.32 mins
  Policy train time: 1.56 mins
  Average return: 0.92529
-------------------
Epoch 1620
  Policy steps: 16200
  Experience time: 26.48 mins
  Policy train time: 1.57 mins
  Average return: 0.91017
-------------------
Epoch 1630
  Policy steps: 16300
  Experience time: 26.63 mins
  Policy train time: 1.57 mins
  Average return: 0.91957
-------------------
Epoch 1640
  Policy steps: 16400
  Experience time: 26.79 mins
  Policy train time: 1.58 mins
  Average return: 0.88959
-------------------
Epoch 1650
  Policy steps: 16500
  Experience time: 26.94 mins
  Policy train time: 1.59 mins
  Average return: 0.90424
-------------------
Epoch 1660
  Policy steps: 16600
  Experience time: 27.10 mins
  Policy train time: 1.60 mins
  Average return: 0.91294
-------------------
Epoch 1670
  Policy steps: 16700
  Experience time: 27.25 mins
  Policy train time: 1.60 mins
  Average return: 0.93768
-------------------
Epoch 1680
  Policy steps: 16800
  Experience time: 27.40 mins
  Policy train time: 1.61 mins
  Average return: 0.91855
-------------------
Epoch 1690
  Policy steps: 16900
  Experience time: 27.57 mins
  Policy train time: 1.62 mins
  Average return: 0.93246
-------------------
Epoch 1700
  Policy steps: 17000
  Experience time: 27.72 mins
  Policy train time: 1.62 mins
  Average return: 0.90322
-------------------
Epoch 1710
  Policy steps: 17100
  Experience time: 27.87 mins
  Policy train time: 1.63 mins
  Average return: 0.94277
-------------------
Epoch 1720
  Policy steps: 17200
  Experience time: 28.03 mins
  Policy train time: 1.64 mins
  Average return: 0.92151
-------------------
Epoch 1730
  Policy steps: 17300
  Experience time: 28.18 mins
  Policy train time: 1.64 mins
  Average return: 0.93107
-------------------
Epoch 1740
  Policy steps: 17400
  Experience time: 28.33 mins
  Policy train time: 1.65 mins
  Average return: 0.91953
-------------------
Epoch 1750
  Policy steps: 17500
  Experience time: 28.48 mins
  Policy train time: 1.66 mins
  Average return: 0.90389
-------------------
Epoch 1760
  Policy steps: 17600
  Experience time: 28.63 mins
  Policy train time: 1.66 mins
  Average return: 0.92765
-------------------
Epoch 1770
  Policy steps: 17700
  Experience time: 28.78 mins
  Policy train time: 1.67 mins
  Average return: 0.91668
-------------------
Epoch 1780
  Policy steps: 17800
  Experience time: 28.93 mins
  Policy train time: 1.68 mins
  Average return: 0.92248
-------------------
Epoch 1790
  Policy steps: 17900
  Experience time: 29.09 mins
  Policy train time: 1.68 mins
  Average return: 0.91623
-------------------
Epoch 1800
  Policy steps: 18000
  Experience time: 29.24 mins
  Policy train time: 1.69 mins
  Average return: 0.93844
-------------------
Epoch 1810
  Policy steps: 18100
  Experience time: 29.39 mins
  Policy train time: 1.70 mins
  Average return: 0.95462
-------------------
Epoch 1820
  Policy steps: 18200
  Experience time: 29.54 mins
  Policy train time: 1.70 mins
  Average return: 0.93083
-------------------
Epoch 1830
  Policy steps: 18300
  Experience time: 29.69 mins
  Policy train time: 1.71 mins
  Average return: 0.93979
-------------------
Epoch 1840
  Policy steps: 18400
  Experience time: 29.84 mins
  Policy train time: 1.72 mins
  Average return: 0.95072
-------------------
Epoch 1850
  Policy steps: 18500
  Experience time: 30.00 mins
  Policy train time: 1.73 mins
  Average return: 0.92765
-------------------
Epoch 1860
  Policy steps: 18600
  Experience time: 30.15 mins
  Policy train time: 1.73 mins
  Average return: 0.94839
-------------------
Epoch 1870
  Policy steps: 18700
  Experience time: 30.29 mins
  Policy train time: 1.74 mins
  Average return: 0.94277
-------------------
Epoch 1880
  Policy steps: 18800
  Experience time: 30.45 mins
  Policy train time: 1.75 mins
  Average return: 0.95521
-------------------
Epoch 1890
  Policy steps: 18900
  Experience time: 30.60 mins
  Policy train time: 1.75 mins
  Average return: 0.91917
-------------------
Epoch 1900
  Policy steps: 19000
  Experience time: 30.75 mins
  Policy train time: 1.76 mins
  Average return: 0.92545
-------------------
Epoch 1910
  Policy steps: 19100
  Experience time: 30.90 mins
  Policy train time: 1.77 mins
  Average return: 0.94542
-------------------
Epoch 1920
  Policy steps: 19200
  Experience time: 31.05 mins
  Policy train time: 1.77 mins
  Average return: 0.92192
-------------------
Epoch 1930
  Policy steps: 19300
  Experience time: 31.20 mins
  Policy train time: 1.78 mins
  Average return: 0.94445
-------------------
Epoch 1940
  Policy steps: 19400
  Experience time: 31.35 mins
  Policy train time: 1.79 mins
  Average return: 0.92826
-------------------
Epoch 1950
  Policy steps: 19500
  Experience time: 31.50 mins
  Policy train time: 1.79 mins
  Average return: 0.92629
-------------------
Epoch 1960
  Policy steps: 19600
  Experience time: 31.65 mins
  Policy train time: 1.80 mins
  Average return: 0.90953
-------------------
Epoch 1970
  Policy steps: 19700
  Experience time: 31.80 mins
  Policy train time: 1.81 mins
  Average return: 0.91278
-------------------
Epoch 1980
  Policy steps: 19800
  Experience time: 31.95 mins
  Policy train time: 1.81 mins
  Average return: 0.94034
-------------------
Epoch 1990
  Policy steps: 19900
  Experience time: 32.11 mins
  Policy train time: 1.82 mins
  Average return: 0.92272
-------------------
Epoch 2000
  Policy steps: 20000
  Experience time: 32.26 mins
  Policy train time: 1.83 mins
  Average return: 0.93230
-------------------
Epoch 2010
  Policy steps: 20100
  Experience time: 32.41 mins
  Policy train time: 1.84 mins
  Average return: 0.96036
-------------------
Epoch 2020
  Policy steps: 20200
  Experience time: 32.57 mins
  Policy train time: 1.84 mins
  Average return: 0.95311
-------------------
Epoch 2030
  Policy steps: 20300
  Experience time: 32.72 mins
  Policy train time: 1.85 mins
  Average return: 0.93623
-------------------
Epoch 2040
  Policy steps: 20400
  Experience time: 32.87 mins
  Policy train time: 1.86 mins
  Average return: 0.91529
-------------------
Epoch 2050
  Policy steps: 20500
  Experience time: 33.02 mins
  Policy train time: 1.86 mins
  Average return: 0.93906
-------------------
Epoch 2060
  Policy steps: 20600
  Experience time: 33.17 mins
  Policy train time: 1.87 mins
  Average return: 0.94171
-------------------
Epoch 2070
  Policy steps: 20700
  Experience time: 33.32 mins
  Policy train time: 1.88 mins
  Average return: 0.95889
-------------------
Epoch 2080
  Policy steps: 20800
  Experience time: 33.48 mins
  Policy train time: 1.88 mins
  Average return: 0.94063
-------------------
Epoch 2090
  Policy steps: 20900
  Experience time: 33.63 mins
  Policy train time: 1.89 mins
  Average return: 0.93910
-------------------
Epoch 2100
  Policy steps: 21000
  Experience time: 33.78 mins
  Policy train time: 1.90 mins
  Average return: 0.95486
-------------------
Epoch 2110
  Policy steps: 21100
  Experience time: 33.93 mins
  Policy train time: 1.90 mins
  Average return: 0.94268
-------------------
Epoch 2120
  Policy steps: 21200
  Experience time: 34.08 mins
  Policy train time: 1.91 mins
  Average return: 0.94036
-------------------
Epoch 2130
  Policy steps: 21300
  Experience time: 34.24 mins
  Policy train time: 1.92 mins
  Average return: 0.93904
-------------------
Epoch 2140
  Policy steps: 21400
  Experience time: 34.39 mins
  Policy train time: 1.92 mins
  Average return: 0.93578
-------------------
Epoch 2150
  Policy steps: 21500
  Experience time: 34.54 mins
  Policy train time: 1.93 mins
  Average return: 0.93499
-------------------
Epoch 2160
  Policy steps: 21600
  Experience time: 34.69 mins
  Policy train time: 1.94 mins
  Average return: 0.95041
-------------------
Epoch 2170
  Policy steps: 21700
  Experience time: 34.85 mins
  Policy train time: 1.95 mins
  Average return: 0.94961
-------------------
Epoch 2180
  Policy steps: 21800
  Experience time: 34.99 mins
  Policy train time: 1.95 mins
  Average return: 0.94977
-------------------
Epoch 2190
  Policy steps: 21900
  Experience time: 35.14 mins
  Policy train time: 1.96 mins
  Average return: 0.93155
-------------------
Epoch 2200
  Policy steps: 22000
  Experience time: 35.29 mins
  Policy train time: 1.97 mins
  Average return: 0.93577
